#
# A fatal error has been detected by the Java Runtime Environment:
#
#  EXCEPTION_ACCESS_VIOLATION (0xc0000005) at pc=0x00007ffa549471de, pid=11536, tid=24528
#
# JRE version: OpenJDK Runtime Environment Corretto-17.0.8.8.1 (17.0.8.1+8) (build 17.0.8.1+8-LTS)
# Java VM: OpenJDK 64-Bit Server VM Corretto-17.0.8.8.1 (17.0.8.1+8-LTS, mixed mode, sharing, tiered, compressed oops, compressed class ptrs, g1 gc, windows-amd64)
# Problematic frame:
# C  [d3d9.dll+0x171de]
#
# No core dump will be written. Minidumps are not enabled by default on client versions of Windows
#
# If you would like to submit a bug report, please visit:
#   https://github.com/corretto/corretto-17/issues/
# The crash happened outside the Java Virtual Machine in native code.
# See problematic frame for where to report the bug.
#

---------------  S U M M A R Y ------------

Command Line: -agentlib:jdwp=transport=dt_socket,address=127.0.0.1:64069,suspend=y,server=n -javaagent:C:\Users\NEMOST~1\AppData\Local\Temp\captureAgent2jars\debugger-agent.jar -Dfile.encoding=UTF-8 --module-path=C:\Users\Nemo Steven\.m2\repository\org\kordamp\ikonli\ikonli-material2-pack\12.3.1\ikonli-material2-pack-12.3.1.jar;C:\Users\Nemo Steven\.m2\repository\org\openjfx\javafx-graphics\17.0.6\javafx-graphics-17.0.6-win.jar;C:\Users\Nemo Steven\.m2\repository\org\kordamp\ikonli\ikonli-feather-pack\12.3.1\ikonli-feather-pack-12.3.1.jar;C:\Users\Nemo Steven\.m2\repository\com\alibaba\fastjson2\fastjson2\2.0.41\fastjson2-2.0.41.jar;C:\Users\Nemo Steven\.m2\repository\org\kordamp\ikonli\ikonli-javafx\12.3.1\ikonli-javafx-12.3.1.jar;C:\Users\Nemo Steven\.m2\repository\com\google\zxing\core\3.4.0\core-3.4.0.jar;C:\Users\Nemo Steven\.m2\repository\org\openjfx\javafx-controls\17.0.6\javafx-controls-17.0.6-win.jar;C:\Users\Nemo Steven\.m2\repository\org\openjfx\javafx-fxml\17.0.6\javafx-fxml-17.0.6-win.jar;C:\Users\Nemo Steven\.m2\repository\org\kordamp\ikonli\ikonli-core\12.3.1\ikonli-core-12.3.1.jar;C:\Users\Nemo Steven\.m2\repository\org\openjfx\javafx-base\17.0.6\javafx-base-17.0.6-win.jar;C:\Users\Nemo Steven\.m2\repository\io\github\mkpaz\atlantafx-base\2.0.1\atlantafx-base-2.0.1.jar;D:\learning_programs\java_programs\DataRestoreDemo1\target\classes -Djdk.module.main=com.ui.datarestoredemo1 com.ui.datarestoredemo1/com.Main

Host: AMD Ryzen 7 5800H with Radeon Graphics         , 16 cores, 15G,  Windows 10 , 64 bit Build 19041 (10.0.19041.3636)
Time: Sat Jan  6 10:32:34 2024  Windows 10 , 64 bit Build 19041 (10.0.19041.3636) elapsed time: 425.787902 seconds (0d 0h 7m 5s)

---------------  T H R E A D  ---------------

Current thread (0x0000017cf066ca10):  JavaThread "JavaFX Application Thread" [_thread_in_native, id=24528, stack(0x000000335ae00000,0x000000335af00000)]

Stack: [0x000000335ae00000,0x000000335af00000],  sp=0x000000335aefde20,  free space=1015k
Native frames: (J=compiled Java code, j=interpreted, Vv=VM code, C=native code)
C  [d3d9.dll+0x171de]

Java frames: (J=compiled Java code, j=interpreted, Vv=VM code)
j  com.sun.prism.d3d.D3DPipeline.nGetAdapterOrdinal(J)I+0 javafx.graphics
j  com.sun.prism.d3d.D3DPipeline.getAdapterOrdinal(Lcom/sun/glass/ui/Screen;)I+4 javafx.graphics
j  com.sun.javafx.tk.quantum.QuantumToolkit.assignScreensAdapters()V+35 javafx.graphics
j  com.sun.javafx.tk.quantum.QuantumToolkit.notifyScreenListener(Lcom/sun/javafx/tk/TKScreenConfigurationListener;)V+0 javafx.graphics
j  com.sun.javafx.tk.quantum.QuantumToolkit$4.handleSettingsChanged()V+4 javafx.graphics
j  com.sun.glass.ui.Screen.notifySettingsChanged()V+16 javafx.graphics
v  ~StubRoutines::call_stub
j  com.sun.glass.ui.win.WinApplication._runLoop(Ljava/lang/Runnable;)V+0 javafx.graphics
j  com.sun.glass.ui.win.WinApplication.lambda$runLoop$3(ILjava/lang/Runnable;)V+8 javafx.graphics
j  com.sun.glass.ui.win.WinApplication$$Lambda$102+0x0000017c81029800.run()V+12 javafx.graphics
j  java.lang.Thread.run()V+11 java.base@17.0.8.1
v  ~StubRoutines::call_stub

siginfo: EXCEPTION_ACCESS_VIOLATION (0xc0000005), reading address 0x0000017cf056cf90


Register to memory mapping:

RIP=0x00007ffa549471de d3d9.dll
RAX=0x000000008876086a is an unknown value
RBX=0x0000017cf0567f70 points into unknown readable memory: 0x0000000000000000 | 00 00 00 00 00 00 00 00
RCX=0x0000017cc5430000 points into unknown readable memory: 0x0000000000000000 | 00 00 00 00 00 00 00 00
RDX=0x0000017cc5430000 points into unknown readable memory: 0x0000000000000000 | 00 00 00 00 00 00 00 00
RSP=0x000000335aefde20 is pointing into the stack for thread: 0x0000017cf066ca10
RBP=0x000000335aefdf20 is pointing into the stack for thread: 0x0000017cf066ca10
RSI=0x0000017cf0567fb8 points into unknown readable memory: 0x11d031066768555a | 5a 55 68 67 06 31 d0 11
RDI=0x0 is NULL
R8 =0x0000017cc5605640 points into unknown readable memory: 0x0000017cc5600cc0 | c0 0c 60 c5 7c 01 00 00
R9 =0x0000000000000001 is an unknown value
R10=0x0000000000008000 is an unknown value
R11=0x000000335aefddf0 is pointing into the stack for thread: 0x0000017cf066ca10
R12=0x0000017cf05680f0 is an unknown value
R13=0x0000000000000001 is an unknown value
R14=0x0000017cf0567c00 points into unknown readable memory: 0x00007ffa54a82f10 | 10 2f a8 54 fa 7f 00 00
R15=0x0 is NULL


Registers:
RAX=0x000000008876086a, RBX=0x0000017cf0567f70, RCX=0x0000017cc5430000, RDX=0x0000017cc5430000
RSP=0x000000335aefde20, RBP=0x000000335aefdf20, RSI=0x0000017cf0567fb8, RDI=0x0000000000000000
R8 =0x0000017cc5605640, R9 =0x0000000000000001, R10=0x0000000000008000, R11=0x000000335aefddf0
R12=0x0000017cf05680f0, R13=0x0000000000000001, R14=0x0000017cf0567c00, R15=0x0000000000000000
RIP=0x00007ffa549471de, EFLAGS=0x0000000000010206

Top of Stack: (sp=0x000000335aefde20)
0x000000335aefde20:   0000017cf0567f70 000000335aefdf20
0x000000335aefde30:   0000017cf0567fb8 ffffffff00000000
0x000000335aefde40:   0000017c00000000 00007ffa00000001
0x000000335aefde50:   0000017c00000001 0000000000000000
0x000000335aefde60:   0000000000000017 0000017cf061a010
0x000000335aefde70:   0000000000000043 0000000000000000
0x000000335aefde80:   0000000000000000 0000017cf0568300
0x000000335aefde90:   0000000000000001 0000000000000000
0x000000335aefdea0:   0000000000000000 0000000000000000
0x000000335aefdeb0:   000000000000006d 0000000000000001
0x000000335aefdec0:   0000017cf0567d70 0000000000000000
0x000000335aefded0:   11d031066768555a 9f2f3400aa0071b9
0x000000335aefdee0:   505349445c2e5c5c 000000003859414c
0x000000335aefdef0:   0000000000000000 0000000000000000
0x000000335aefdf00:   0000000000000000 0000000000000000
0x000000335aefdf10:   0000000000000000 0000000000000000 

Instructions: (pc=0x00007ffa549471de)
0x00007ffa549470de:   70 49 03 c0 0f 11 41 60 49 03 c8 0f 11 49 f0 48
0x00007ffa549470ee:   83 ea 01 75 b6 0f 10 00 8b 96 fc 02 00 00 44 8b
0x00007ffa549470fe:   c7 0f 10 48 10 4c 8d 55 b0 0f 11 01 0f 10 40 20
0x00007ffa5494710e:   0f 11 49 10 0f 10 48 30 0f 11 41 20 0f 10 40 40
0x00007ffa5494711e:   0f 11 49 30 0f 10 48 50 0f 11 41 40 0f 10 40 60
0x00007ffa5494712e:   0f 11 49 50 0f 11 41 60 8b 85 ac 02 00 00 89 85
0x00007ffa5494713e:   a8 02 00 00 48 8b 85 b0 02 00 00 48 89 85 80 02
0x00007ffa5494714e:   00 00 48 89 85 c0 02 00 00 8b c2 f7 d8 48 89 bd
0x00007ffa5494715e:   ac 02 00 00 48 8d 83 68 03 00 00 89 bd b4 02 00
0x00007ffa5494716e:   00 48 1b c9 83 e1 28 48 03 c1 8b 8b 88 01 00 00
0x00007ffa5494717e:   41 39 be a0 55 00 00 48 89 44 24 68 8b 83 f0 02
0x00007ffa5494718e:   00 00 41 0f 94 c0 89 7c 24 60 85 d2 89 7c 24 58
0x00007ffa5494719e:   89 44 24 50 4c 0f 44 d6 48 8b 83 f8 02 00 00 45
0x00007ffa549471ae:   33 c9 48 89 44 24 48 49 8b d2 89 4c 24 40 48 8d
0x00007ffa549471be:   4d 88 48 89 7c 24 38 c7 44 24 30 01 00 00 00 c7
0x00007ffa549471ce:   44 24 28 01 00 00 00 89 7c 24 20 e8 3a f1 ff ff
0x00007ffa549471de:   4b 39 bc ee 88 53 00 00 75 0d c6 44 24 70 01 39
0x00007ffa549471ee:   be fc 02 00 00 74 05 40 88 7c 24 70 85 c0 0f 88
0x00007ffa549471fe:   5d 03 00 00 4c 8b 7d 88 4c 89 7d 80 44 8b 8e 18
0x00007ffa5494720e:   01 00 00 4c 8d 86 30 01 00 00 41 8b 86 a0 55 00
0x00007ffa5494721e:   00 48 8d 4e 10 89 44 24 48 41 8b d1 8b 86 40 01
0x00007ffa5494722e:   00 00 83 e2 08 89 54 24 40 41 83 e1 04 44 89 4c
0x00007ffa5494723e:   24 38 49 8b d4 4c 89 7c 24 30 4c 8d 4c 24 78 89
0x00007ffa5494724e:   7c 24 78 48 8d be 28 01 00 00 89 44 24 28 4c 89
0x00007ffa5494725e:   44 24 20 4c 8b c7 48 89 7d a0 e8 bb fc ff ff 89
0x00007ffa5494726e:   44 24 74 8b d8 85 c0 0f 88 b2 02 00 00 83 a6 2c
0x00007ffa5494727e:   01 00 00 00 8b 96 bc 02 00 00 85 d2 0f 84 9d 02
0x00007ffa5494728e:   00 00 41 83 be a0 55 00 00 00 0f 85 8f 02 00 00
0x00007ffa5494729e:   44 8b 3f 33 c9 49 8b 3c 24 45 33 d2 48 8b 9e c0
0x00007ffa549472ae:   02 00 00 e8 06 95 ff ff 85 d2 0f 84 87 02 00 00
0x00007ffa549472be:   48 83 c3 08 44 8b ea 85 c0 74 5d 4c 8b c3 44 8b
0x00007ffa549472ce:   da 45 33 c9 45 85 ff 74 43 4b 8d 0c 49 83 7c cf 


Stack slot to memory mapping:
stack at sp + 0 slots: 0x0000017cf0567f70 points into unknown readable memory: 0x0000000000000000 | 00 00 00 00 00 00 00 00
stack at sp + 1 slots: 0x000000335aefdf20 is pointing into the stack for thread: 0x0000017cf066ca10
stack at sp + 2 slots: 0x0000017cf0567fb8 points into unknown readable memory: 0x11d031066768555a | 5a 55 68 67 06 31 d0 11
stack at sp + 3 slots: 0xffffffff00000000 is an unknown value
stack at sp + 4 slots: 0x0000017c00000000 is an unknown value
stack at sp + 5 slots: 0x00007ffa00000001 is an unknown value
stack at sp + 6 slots: 0x0000017c00000001 is an unknown value
stack at sp + 7 slots: 0x0 is NULL


---------------  P R O C E S S  ---------------

Threads class SMR info:
_java_thread_list=0x0000017cf66ce2d0, length=22, elements={
0x0000017cc6f49640, 0x0000017cea81a490, 0x0000017cea81b110, 0x0000017cea834930,
0x0000017cea836210, 0x0000017cea8373e0, 0x0000017cea837da0, 0x0000017cea838b40,
0x0000017cea844b00, 0x0000017cea847d20, 0x0000017ceb260b40, 0x0000017cf0068010,
0x0000017cf00b38c0, 0x0000017ceb348ad0, 0x0000017cf05d4d30, 0x0000017cf066ca10,
0x0000017cf0684fb0, 0x0000017cf08b2030, 0x0000017cf0c60590, 0x0000017cf677cbe0,
0x0000017cf677b290, 0x0000017cf677a870
}

Java Threads: ( => current thread )
  0x0000017cc6f49640 JavaThread "main" [_thread_blocked, id=8640, stack(0x0000003358d00000,0x0000003358e00000)]
  0x0000017cea81a490 JavaThread "Reference Handler" daemon [_thread_blocked, id=18604, stack(0x0000003359400000,0x0000003359500000)]
  0x0000017cea81b110 JavaThread "Finalizer" daemon [_thread_blocked, id=9856, stack(0x0000003359500000,0x0000003359600000)]
  0x0000017cea834930 JavaThread "Signal Dispatcher" daemon [_thread_blocked, id=13960, stack(0x0000003359600000,0x0000003359700000)]
  0x0000017cea836210 JavaThread "Attach Listener" daemon [_thread_blocked, id=4492, stack(0x0000003359700000,0x0000003359800000)]
  0x0000017cea8373e0 JavaThread "Service Thread" daemon [_thread_blocked, id=3872, stack(0x0000003359800000,0x0000003359900000)]
  0x0000017cea837da0 JavaThread "Monitor Deflation Thread" daemon [_thread_blocked, id=2908, stack(0x0000003359900000,0x0000003359a00000)]
  0x0000017cea838b40 JavaThread "C2 CompilerThread0" daemon [_thread_blocked, id=6508, stack(0x0000003359a00000,0x0000003359b00000)]
  0x0000017cea844b00 JavaThread "C1 CompilerThread0" daemon [_thread_blocked, id=17632, stack(0x0000003359b00000,0x0000003359c00000)]
  0x0000017cea847d20 JavaThread "Sweeper thread" daemon [_thread_blocked, id=19664, stack(0x0000003359c00000,0x0000003359d00000)]
  0x0000017ceb260b40 JavaThread "Common-Cleaner" daemon [_thread_blocked, id=16928, stack(0x0000003359e00000,0x0000003359f00000)]
  0x0000017cf0068010 JavaThread "JDWP Event Helper Thread" daemon [_thread_blocked, id=19740, stack(0x000000335a800000,0x000000335a900000)]
  0x0000017cf00b38c0 JavaThread "Notification Thread" daemon [_thread_blocked, id=23436, stack(0x000000335aa00000,0x000000335ab00000)]
  0x0000017ceb348ad0 JavaThread "QuantumRenderer-0" daemon [_thread_blocked, id=15620, stack(0x000000335a500000,0x000000335a600000)]
  0x0000017cf05d4d30 JavaThread "InvokeLaterDispatcher" daemon [_thread_blocked, id=21004, stack(0x000000335ad00000,0x000000335ae00000)]
=>0x0000017cf066ca10 JavaThread "JavaFX Application Thread" [_thread_in_native, id=24528, stack(0x000000335ae00000,0x000000335af00000)]
  0x0000017cf0684fb0 JavaThread "Thread-1" daemon [_thread_in_native, id=1916, stack(0x000000335c300000,0x000000335c400000)]
  0x0000017cf08b2030 JavaThread "JavaFX-Launcher" [_thread_blocked, id=24248, stack(0x000000335c400000,0x000000335c500000)]
  0x0000017cf0c60590 JavaThread "Prism Font Disposer" daemon [_thread_blocked, id=18104, stack(0x000000335a400000,0x000000335a500000)]
  0x0000017cf677cbe0 JavaThread "Cleaner-0" daemon [_thread_blocked, id=30176, stack(0x000000335cc00000,0x000000335cd00000)]
  0x0000017cf677b290 JavaThread "Cleaner-1" daemon [_thread_blocked, id=1760, stack(0x000000335d200000,0x000000335d300000)]
  0x0000017cf677a870 JavaThread "SIGINT handler" daemon [_thread_blocked, id=7556, stack(0x0000003358c00000,0x0000003358d00000)]

Other Threads:
  0x0000017cea8151b0 VMThread "VM Thread" [stack: 0x0000003359300000,0x0000003359400000] [id=28824] _threads_hazard_ptr=0x0000017cf66ce2d0
  0x0000017cc6fb0f90 GCTaskThread "GC Thread#0" [stack: 0x0000003358e00000,0x0000003358f00000] [id=30492]
  0x0000017cf07a4350 GCTaskThread "GC Thread#1" [stack: 0x000000335b900000,0x000000335ba00000] [id=21056]
  0x0000017cf08052b0 GCTaskThread "GC Thread#2" [stack: 0x000000335ba00000,0x000000335bb00000] [id=30600]
  0x0000017cf0805570 GCTaskThread "GC Thread#3" [stack: 0x000000335bb00000,0x000000335bc00000] [id=1848]
  0x0000017cf0824e00 GCTaskThread "GC Thread#4" [stack: 0x000000335bc00000,0x000000335bd00000] [id=30124]
  0x0000017cf0837590 GCTaskThread "GC Thread#5" [stack: 0x000000335bd00000,0x000000335be00000] [id=8024]
  0x0000017cf0837850 GCTaskThread "GC Thread#6" [stack: 0x000000335be00000,0x000000335bf00000] [id=30528]
  0x0000017cf0838320 GCTaskThread "GC Thread#7" [stack: 0x000000335bf00000,0x000000335c000000] [id=30400]
  0x0000017cf08385e0 GCTaskThread "GC Thread#8" [stack: 0x000000335c000000,0x000000335c100000] [id=25048]
  0x0000017cf08448c0 GCTaskThread "GC Thread#9" [stack: 0x000000335c100000,0x000000335c200000] [id=13988]
  0x0000017cf0844b80 GCTaskThread "GC Thread#10" [stack: 0x000000335c200000,0x000000335c300000] [id=16164]
  0x0000017cf0b63730 GCTaskThread "GC Thread#11" [stack: 0x000000335c600000,0x000000335c700000] [id=4616]
  0x0000017cf6781510 GCTaskThread "GC Thread#12" [stack: 0x000000335c700000,0x000000335c800000] [id=18668]
  0x0000017cc6fc14b0 ConcurrentGCThread "G1 Main Marker" terminated
  0x0000017cc6fc4570 ConcurrentGCThread "G1 Conc#0" [stack: 0x0000003359000000,0x0000003359100000] [id=6864]
  0x0000017cc6fee7a0 ConcurrentGCThread "G1 Refine#0" terminated
  0x0000017cf62298c0 ConcurrentGCThread "G1 Refine#1" terminated
  0x0000017cea74ea30 ConcurrentGCThread "G1 Service" terminated

Threads with active compile tasks:

VM state: at safepoint (normal execution)

VM Mutex/Monitor currently owned by a thread:  ([mutex/lock_event])
[0x0000017cc6f44a20] Threads_lock - owner thread: 0x0000017cea8151b0
[0x0000017cc6f44480] Heap_lock - owner thread: 0x0000017cf677a870

Heap address: 0x000000070a200000, size: 3934 MB, Compressed Oops mode: Zero based, Oop shift amount: 3

CDS archive(s) mapped at: [0x0000017c80000000-0x0000017c80bd0000-0x0000017c80bd0000), size 12386304, SharedBaseAddress: 0x0000017c80000000, ArchiveRelocationMode: 1.
Compressed class space mapped at: 0x0000017c81000000-0x0000017cc1000000, reserved size: 1073741824
Narrow klass base: 0x0000017c80000000, Narrow klass shift: 0, Narrow klass range: 0x100000000

GC Precious Log:
 CPUs: 16 total, 16 available
 Memory: 15732M
 Large Page Support: Disabled
 NUMA Support: Disabled
 Compressed Oops: Enabled (Zero based)
 Heap Region Size: 2M
 Heap Min Capacity: 8M
 Heap Initial Capacity: 246M
 Heap Max Capacity: 3934M
 Pre-touch: Disabled
 Parallel Workers: 13
 Concurrent Workers: 3
 Concurrent Refinement Workers: 13
 Periodic GC: Disabled

Heap:
 garbage-first heap   total 303104K, used 130353K [0x000000070a200000, 0x0000000800000000)
  region size 2048K, 62 young (126976K), 6 survivors (12288K)
 Metaspace       used 20302K, committed 20544K, reserved 1114112K
  class space    used 2896K, committed 3008K, reserved 1048576K

Heap Regions: E=young(eden), S=young(survivor), O=old, HS=humongous(starts), HC=humongous(continues), CS=collection set, F=free, OA=open archive, CA=closed archive, TAMS=top-at-mark-start (previous, next)
|   0|0x000000070a200000, 0x000000070a400000, 0x000000070a400000|100%| O|  |TAMS 0x000000070a200000, 0x000000070a200000| Untracked 
|   1|0x000000070a400000, 0x000000070a600000, 0x000000070a600000|100%|HS|  |TAMS 0x000000070a400000, 0x000000070a400000| Complete 
|   2|0x000000070a600000, 0x000000070a800000, 0x000000070a800000|100%| O|  |TAMS 0x000000070a600000, 0x000000070a600000| Untracked 
|   3|0x000000070a800000, 0x000000070a897400, 0x000000070aa00000| 29%| O|  |TAMS 0x000000070a800000, 0x000000070a800000| Untracked 
|   4|0x000000070aa00000, 0x000000070aa00000, 0x000000070ac00000|  0%| F|  |TAMS 0x000000070aa00000, 0x000000070aa00000| Untracked 
|   5|0x000000070ac00000, 0x000000070ac00000, 0x000000070ae00000|  0%| F|  |TAMS 0x000000070ac00000, 0x000000070ac00000| Untracked 
|   6|0x000000070ae00000, 0x000000070ae00000, 0x000000070b000000|  0%| F|  |TAMS 0x000000070ae00000, 0x000000070ae00000| Untracked 
|   7|0x000000070b000000, 0x000000070b000000, 0x000000070b200000|  0%| F|  |TAMS 0x000000070b000000, 0x000000070b000000| Untracked 
|   8|0x000000070b200000, 0x000000070b200000, 0x000000070b400000|  0%| F|  |TAMS 0x000000070b200000, 0x000000070b200000| Untracked 
|   9|0x000000070b400000, 0x000000070b400000, 0x000000070b600000|  0%| F|  |TAMS 0x000000070b400000, 0x000000070b400000| Untracked 
|  10|0x000000070b600000, 0x000000070b600000, 0x000000070b800000|  0%| F|  |TAMS 0x000000070b600000, 0x000000070b600000| Untracked 
|  11|0x000000070b800000, 0x000000070b800000, 0x000000070ba00000|  0%| F|  |TAMS 0x000000070b800000, 0x000000070b800000| Untracked 
|  12|0x000000070ba00000, 0x000000070ba00000, 0x000000070bc00000|  0%| F|  |TAMS 0x000000070ba00000, 0x000000070ba00000| Untracked 
|  13|0x000000070bc00000, 0x000000070bc00000, 0x000000070be00000|  0%| F|  |TAMS 0x000000070bc00000, 0x000000070bc00000| Untracked 
|  14|0x000000070be00000, 0x000000070be00000, 0x000000070c000000|  0%| F|  |TAMS 0x000000070be00000, 0x000000070be00000| Untracked 
|  15|0x000000070c000000, 0x000000070c000000, 0x000000070c200000|  0%| F|  |TAMS 0x000000070c000000, 0x000000070c000000| Untracked 
|  16|0x000000070c200000, 0x000000070c200000, 0x000000070c400000|  0%| F|  |TAMS 0x000000070c200000, 0x000000070c200000| Untracked 
|  17|0x000000070c400000, 0x000000070c400000, 0x000000070c600000|  0%| F|  |TAMS 0x000000070c400000, 0x000000070c400000| Untracked 
|  18|0x000000070c600000, 0x000000070c600000, 0x000000070c800000|  0%| F|  |TAMS 0x000000070c600000, 0x000000070c600000| Untracked 
|  19|0x000000070c800000, 0x000000070c800000, 0x000000070ca00000|  0%| F|  |TAMS 0x000000070c800000, 0x000000070c800000| Untracked 
|  20|0x000000070ca00000, 0x000000070ca00000, 0x000000070cc00000|  0%| F|  |TAMS 0x000000070ca00000, 0x000000070ca00000| Untracked 
|  21|0x000000070cc00000, 0x000000070cc00000, 0x000000070ce00000|  0%| F|  |TAMS 0x000000070cc00000, 0x000000070cc00000| Untracked 
|  22|0x000000070ce00000, 0x000000070ce00000, 0x000000070d000000|  0%| F|  |TAMS 0x000000070ce00000, 0x000000070ce00000| Untracked 
|  23|0x000000070d000000, 0x000000070d000000, 0x000000070d200000|  0%| F|  |TAMS 0x000000070d000000, 0x000000070d000000| Untracked 
|  24|0x000000070d200000, 0x000000070d200000, 0x000000070d400000|  0%| F|  |TAMS 0x000000070d200000, 0x000000070d200000| Untracked 
|  25|0x000000070d400000, 0x000000070d400000, 0x000000070d600000|  0%| F|  |TAMS 0x000000070d400000, 0x000000070d400000| Untracked 
|  26|0x000000070d600000, 0x000000070d600000, 0x000000070d800000|  0%| F|  |TAMS 0x000000070d600000, 0x000000070d600000| Untracked 
|  27|0x000000070d800000, 0x000000070d800000, 0x000000070da00000|  0%| F|  |TAMS 0x000000070d800000, 0x000000070d800000| Untracked 
|  28|0x000000070da00000, 0x000000070da00000, 0x000000070dc00000|  0%| F|  |TAMS 0x000000070da00000, 0x000000070da00000| Untracked 
|  29|0x000000070dc00000, 0x000000070dc00000, 0x000000070de00000|  0%| F|  |TAMS 0x000000070dc00000, 0x000000070dc00000| Untracked 
|  30|0x000000070de00000, 0x000000070de00000, 0x000000070e000000|  0%| F|  |TAMS 0x000000070de00000, 0x000000070de00000| Untracked 
|  31|0x000000070e000000, 0x000000070e000000, 0x000000070e200000|  0%| F|  |TAMS 0x000000070e000000, 0x000000070e000000| Untracked 
|  32|0x000000070e200000, 0x000000070e200000, 0x000000070e400000|  0%| F|  |TAMS 0x000000070e200000, 0x000000070e200000| Untracked 
|  33|0x000000070e400000, 0x000000070e400000, 0x000000070e600000|  0%| F|  |TAMS 0x000000070e400000, 0x000000070e400000| Untracked 
|  34|0x000000070e600000, 0x000000070e600000, 0x000000070e800000|  0%| F|  |TAMS 0x000000070e600000, 0x000000070e600000| Untracked 
|  35|0x000000070e800000, 0x000000070e800000, 0x000000070ea00000|  0%| F|  |TAMS 0x000000070e800000, 0x000000070e800000| Untracked 
|  36|0x000000070ea00000, 0x000000070ea00000, 0x000000070ec00000|  0%| F|  |TAMS 0x000000070ea00000, 0x000000070ea00000| Untracked 
|  37|0x000000070ec00000, 0x000000070ec00000, 0x000000070ee00000|  0%| F|  |TAMS 0x000000070ec00000, 0x000000070ec00000| Untracked 
|  38|0x000000070ee00000, 0x000000070ee00000, 0x000000070f000000|  0%| F|  |TAMS 0x000000070ee00000, 0x000000070ee00000| Untracked 
|  39|0x000000070f000000, 0x000000070f000000, 0x000000070f200000|  0%| F|  |TAMS 0x000000070f000000, 0x000000070f000000| Untracked 
|  40|0x000000070f200000, 0x000000070f200000, 0x000000070f400000|  0%| F|  |TAMS 0x000000070f200000, 0x000000070f200000| Untracked 
|  41|0x000000070f400000, 0x000000070f400000, 0x000000070f600000|  0%| F|  |TAMS 0x000000070f400000, 0x000000070f400000| Untracked 
|  42|0x000000070f600000, 0x000000070f600000, 0x000000070f800000|  0%| F|  |TAMS 0x000000070f600000, 0x000000070f600000| Untracked 
|  43|0x000000070f800000, 0x000000070f800000, 0x000000070fa00000|  0%| F|  |TAMS 0x000000070f800000, 0x000000070f800000| Untracked 
|  44|0x000000070fa00000, 0x000000070fa00000, 0x000000070fc00000|  0%| F|  |TAMS 0x000000070fa00000, 0x000000070fa00000| Untracked 
|  45|0x000000070fc00000, 0x000000070fc00000, 0x000000070fe00000|  0%| F|  |TAMS 0x000000070fc00000, 0x000000070fc00000| Untracked 
|  46|0x000000070fe00000, 0x000000070fe00000, 0x0000000710000000|  0%| F|  |TAMS 0x000000070fe00000, 0x000000070fe00000| Untracked 
|  47|0x0000000710000000, 0x0000000710000000, 0x0000000710200000|  0%| F|  |TAMS 0x0000000710000000, 0x0000000710000000| Untracked 
|  48|0x0000000710200000, 0x0000000710200000, 0x0000000710400000|  0%| F|  |TAMS 0x0000000710200000, 0x0000000710200000| Untracked 
|  49|0x0000000710400000, 0x0000000710400000, 0x0000000710600000|  0%| F|  |TAMS 0x0000000710400000, 0x0000000710400000| Untracked 
|  50|0x0000000710600000, 0x0000000710600000, 0x0000000710800000|  0%| F|  |TAMS 0x0000000710600000, 0x0000000710600000| Untracked 
|  51|0x0000000710800000, 0x0000000710800000, 0x0000000710a00000|  0%| F|  |TAMS 0x0000000710800000, 0x0000000710800000| Untracked 
|  52|0x0000000710a00000, 0x0000000710a00000, 0x0000000710c00000|  0%| F|  |TAMS 0x0000000710a00000, 0x0000000710a00000| Untracked 
|  53|0x0000000710c00000, 0x0000000710c00000, 0x0000000710e00000|  0%| F|  |TAMS 0x0000000710c00000, 0x0000000710c00000| Untracked 
|  54|0x0000000710e00000, 0x0000000710e00000, 0x0000000711000000|  0%| F|  |TAMS 0x0000000710e00000, 0x0000000710e00000| Untracked 
|  55|0x0000000711000000, 0x0000000711000000, 0x0000000711200000|  0%| F|  |TAMS 0x0000000711000000, 0x0000000711000000| Untracked 
|  56|0x0000000711200000, 0x0000000711200000, 0x0000000711400000|  0%| F|  |TAMS 0x0000000711200000, 0x0000000711200000| Untracked 
|  57|0x0000000711400000, 0x0000000711400000, 0x0000000711600000|  0%| F|  |TAMS 0x0000000711400000, 0x0000000711400000| Untracked 
|  58|0x0000000711600000, 0x0000000711600000, 0x0000000711800000|  0%| F|  |TAMS 0x0000000711600000, 0x0000000711600000| Untracked 
|  59|0x0000000711800000, 0x0000000711800000, 0x0000000711a00000|  0%| F|  |TAMS 0x0000000711800000, 0x0000000711800000| Untracked 
|  60|0x0000000711a00000, 0x0000000711ab51d0, 0x0000000711c00000| 35%| S|CS|TAMS 0x0000000711a00000, 0x0000000711a00000| Complete 
|  61|0x0000000711c00000, 0x0000000711e00000, 0x0000000711e00000|100%| S|CS|TAMS 0x0000000711c00000, 0x0000000711c00000| Complete 
|  62|0x0000000711e00000, 0x0000000712000000, 0x0000000712000000|100%| S|CS|TAMS 0x0000000711e00000, 0x0000000711e00000| Complete 
|  63|0x0000000712000000, 0x0000000712200000, 0x0000000712200000|100%| S|CS|TAMS 0x0000000712000000, 0x0000000712000000| Complete 
|  64|0x0000000712200000, 0x0000000712400000, 0x0000000712400000|100%| S|CS|TAMS 0x0000000712200000, 0x0000000712200000| Complete 
|  65|0x0000000712400000, 0x0000000712600000, 0x0000000712600000|100%| S|CS|TAMS 0x0000000712400000, 0x0000000712400000| Complete 
|  66|0x0000000712600000, 0x0000000712600000, 0x0000000712800000|  0%| F|  |TAMS 0x0000000712600000, 0x0000000712600000| Untracked 
|  67|0x0000000712800000, 0x0000000712800000, 0x0000000712a00000|  0%| F|  |TAMS 0x0000000712800000, 0x0000000712800000| Untracked 
|  68|0x0000000712a00000, 0x0000000712a00000, 0x0000000712c00000|  0%| F|  |TAMS 0x0000000712a00000, 0x0000000712a00000| Untracked 
|  69|0x0000000712c00000, 0x0000000712c00000, 0x0000000712e00000|  0%| F|  |TAMS 0x0000000712c00000, 0x0000000712c00000| Untracked 
|  70|0x0000000712e00000, 0x0000000712e00000, 0x0000000713000000|  0%| F|  |TAMS 0x0000000712e00000, 0x0000000712e00000| Untracked 
|  71|0x0000000713000000, 0x0000000713000000, 0x0000000713200000|  0%| F|  |TAMS 0x0000000713000000, 0x0000000713000000| Untracked 
|  72|0x0000000713200000, 0x0000000713200000, 0x0000000713400000|  0%| F|  |TAMS 0x0000000713200000, 0x0000000713200000| Untracked 
|  73|0x0000000713400000, 0x0000000713400000, 0x0000000713600000|  0%| F|  |TAMS 0x0000000713400000, 0x0000000713400000| Untracked 
|  74|0x0000000713600000, 0x0000000713600000, 0x0000000713800000|  0%| F|  |TAMS 0x0000000713600000, 0x0000000713600000| Untracked 
|  75|0x0000000713800000, 0x0000000713800000, 0x0000000713a00000|  0%| F|  |TAMS 0x0000000713800000, 0x0000000713800000| Untracked 
|  76|0x0000000713a00000, 0x0000000713a00000, 0x0000000713c00000|  0%| F|  |TAMS 0x0000000713a00000, 0x0000000713a00000| Untracked 
|  77|0x0000000713c00000, 0x0000000713c00000, 0x0000000713e00000|  0%| F|  |TAMS 0x0000000713c00000, 0x0000000713c00000| Untracked 
|  78|0x0000000713e00000, 0x0000000713e00000, 0x0000000714000000|  0%| F|  |TAMS 0x0000000713e00000, 0x0000000713e00000| Untracked 
|  79|0x0000000714000000, 0x0000000714000000, 0x0000000714200000|  0%| F|  |TAMS 0x0000000714000000, 0x0000000714000000| Untracked 
|  80|0x0000000714200000, 0x0000000714200000, 0x0000000714400000|  0%| F|  |TAMS 0x0000000714200000, 0x0000000714200000| Untracked 
|  81|0x0000000714400000, 0x0000000714400000, 0x0000000714600000|  0%| F|  |TAMS 0x0000000714400000, 0x0000000714400000| Untracked 
|  82|0x0000000714600000, 0x0000000714600000, 0x0000000714800000|  0%| F|  |TAMS 0x0000000714600000, 0x0000000714600000| Untracked 
|  83|0x0000000714800000, 0x0000000714800000, 0x0000000714a00000|  0%| F|  |TAMS 0x0000000714800000, 0x0000000714800000| Untracked 
|  84|0x0000000714a00000, 0x0000000714a00000, 0x0000000714c00000|  0%| F|  |TAMS 0x0000000714a00000, 0x0000000714a00000| Untracked 
|  85|0x0000000714c00000, 0x0000000714c00000, 0x0000000714e00000|  0%| F|  |TAMS 0x0000000714c00000, 0x0000000714c00000| Untracked 
|  86|0x0000000714e00000, 0x0000000714e00000, 0x0000000715000000|  0%| F|  |TAMS 0x0000000714e00000, 0x0000000714e00000| Untracked 
|  87|0x0000000715000000, 0x0000000715000000, 0x0000000715200000|  0%| F|  |TAMS 0x0000000715000000, 0x0000000715000000| Untracked 
|  88|0x0000000715200000, 0x0000000715200000, 0x0000000715400000|  0%| F|  |TAMS 0x0000000715200000, 0x0000000715200000| Untracked 
|  89|0x0000000715400000, 0x0000000715400000, 0x0000000715600000|  0%| F|  |TAMS 0x0000000715400000, 0x0000000715400000| Untracked 
|  90|0x0000000715600000, 0x0000000715600000, 0x0000000715800000|  0%| F|  |TAMS 0x0000000715600000, 0x0000000715600000| Untracked 
|  91|0x0000000715800000, 0x0000000715800000, 0x0000000715a00000|  0%| F|  |TAMS 0x0000000715800000, 0x0000000715800000| Untracked 
|  92|0x0000000715a00000, 0x0000000715a00800, 0x0000000715c00000|  0%| E|  |TAMS 0x0000000715a00000, 0x0000000715a00000| Complete 
|  93|0x0000000715c00000, 0x0000000715e00000, 0x0000000715e00000|100%| E|CS|TAMS 0x0000000715c00000, 0x0000000715c00000| Complete 
|  94|0x0000000715e00000, 0x0000000716000000, 0x0000000716000000|100%| E|CS|TAMS 0x0000000715e00000, 0x0000000715e00000| Complete 
|  95|0x0000000716000000, 0x0000000716200000, 0x0000000716200000|100%| E|CS|TAMS 0x0000000716000000, 0x0000000716000000| Complete 
|  96|0x0000000716200000, 0x0000000716400000, 0x0000000716400000|100%| E|CS|TAMS 0x0000000716200000, 0x0000000716200000| Complete 
|  97|0x0000000716400000, 0x0000000716600000, 0x0000000716600000|100%| E|CS|TAMS 0x0000000716400000, 0x0000000716400000| Complete 
|  98|0x0000000716600000, 0x0000000716800000, 0x0000000716800000|100%| E|CS|TAMS 0x0000000716600000, 0x0000000716600000| Complete 
|  99|0x0000000716800000, 0x0000000716a00000, 0x0000000716a00000|100%| E|CS|TAMS 0x0000000716800000, 0x0000000716800000| Complete 
| 100|0x0000000716a00000, 0x0000000716c00000, 0x0000000716c00000|100%| E|CS|TAMS 0x0000000716a00000, 0x0000000716a00000| Complete 
| 101|0x0000000716c00000, 0x0000000716e00000, 0x0000000716e00000|100%| E|CS|TAMS 0x0000000716c00000, 0x0000000716c00000| Complete 
| 102|0x0000000716e00000, 0x0000000717000000, 0x0000000717000000|100%| E|CS|TAMS 0x0000000716e00000, 0x0000000716e00000| Complete 
| 103|0x0000000717000000, 0x0000000717200000, 0x0000000717200000|100%| E|CS|TAMS 0x0000000717000000, 0x0000000717000000| Complete 
| 104|0x0000000717200000, 0x0000000717400000, 0x0000000717400000|100%| E|CS|TAMS 0x0000000717200000, 0x0000000717200000| Complete 
| 105|0x0000000717400000, 0x0000000717600000, 0x0000000717600000|100%| E|CS|TAMS 0x0000000717400000, 0x0000000717400000| Complete 
| 106|0x0000000717600000, 0x0000000717800000, 0x0000000717800000|100%| E|CS|TAMS 0x0000000717600000, 0x0000000717600000| Complete 
| 107|0x0000000717800000, 0x0000000717a00000, 0x0000000717a00000|100%| E|CS|TAMS 0x0000000717800000, 0x0000000717800000| Complete 
| 108|0x0000000717a00000, 0x0000000717c00000, 0x0000000717c00000|100%| E|CS|TAMS 0x0000000717a00000, 0x0000000717a00000| Complete 
| 109|0x0000000717c00000, 0x0000000717e00000, 0x0000000717e00000|100%| E|CS|TAMS 0x0000000717c00000, 0x0000000717c00000| Complete 
| 110|0x0000000717e00000, 0x0000000718000000, 0x0000000718000000|100%| E|CS|TAMS 0x0000000717e00000, 0x0000000717e00000| Complete 
| 111|0x0000000718000000, 0x0000000718200000, 0x0000000718200000|100%| E|CS|TAMS 0x0000000718000000, 0x0000000718000000| Complete 
| 112|0x0000000718200000, 0x0000000718400000, 0x0000000718400000|100%| E|CS|TAMS 0x0000000718200000, 0x0000000718200000| Complete 
| 113|0x0000000718400000, 0x0000000718600000, 0x0000000718600000|100%| E|CS|TAMS 0x0000000718400000, 0x0000000718400000| Complete 
| 114|0x0000000718600000, 0x0000000718800000, 0x0000000718800000|100%| E|CS|TAMS 0x0000000718600000, 0x0000000718600000| Complete 
| 115|0x0000000718800000, 0x0000000718a00000, 0x0000000718a00000|100%| E|CS|TAMS 0x0000000718800000, 0x0000000718800000| Complete 
| 116|0x0000000718a00000, 0x0000000718c00000, 0x0000000718c00000|100%| E|CS|TAMS 0x0000000718a00000, 0x0000000718a00000| Complete 
| 117|0x0000000718c00000, 0x0000000718e00000, 0x0000000718e00000|100%| E|CS|TAMS 0x0000000718c00000, 0x0000000718c00000| Complete 
| 118|0x0000000718e00000, 0x0000000719000000, 0x0000000719000000|100%| E|CS|TAMS 0x0000000718e00000, 0x0000000718e00000| Complete 
| 119|0x0000000719000000, 0x0000000719200000, 0x0000000719200000|100%| E|CS|TAMS 0x0000000719000000, 0x0000000719000000| Complete 
| 120|0x0000000719200000, 0x0000000719400000, 0x0000000719400000|100%| E|CS|TAMS 0x0000000719200000, 0x0000000719200000| Complete 
| 121|0x0000000719400000, 0x0000000719600000, 0x0000000719600000|100%| E|CS|TAMS 0x0000000719400000, 0x0000000719400000| Complete 
| 122|0x0000000719600000, 0x0000000719800000, 0x0000000719800000|100%| E|CS|TAMS 0x0000000719600000, 0x0000000719600000| Complete 
| 123|0x0000000719800000, 0x0000000719a00000, 0x0000000719a00000|100%| E|CS|TAMS 0x0000000719800000, 0x0000000719800000| Complete 
| 124|0x0000000719a00000, 0x0000000719c00000, 0x0000000719c00000|100%| E|CS|TAMS 0x0000000719a00000, 0x0000000719a00000| Complete 
| 125|0x0000000719c00000, 0x0000000719e00000, 0x0000000719e00000|100%| E|CS|TAMS 0x0000000719c00000, 0x0000000719c00000| Complete 
| 126|0x0000000719e00000, 0x000000071a000000, 0x000000071a000000|100%| E|CS|TAMS 0x0000000719e00000, 0x0000000719e00000| Complete 
| 127|0x000000071a000000, 0x000000071a200000, 0x000000071a200000|100%| E|CS|TAMS 0x000000071a000000, 0x000000071a000000| Complete 
| 128|0x000000071a200000, 0x000000071a400000, 0x000000071a400000|100%| E|CS|TAMS 0x000000071a200000, 0x000000071a200000| Complete 
| 129|0x000000071a400000, 0x000000071a600000, 0x000000071a600000|100%| E|CS|TAMS 0x000000071a400000, 0x000000071a400000| Complete 
| 130|0x000000071a600000, 0x000000071a800000, 0x000000071a800000|100%| E|CS|TAMS 0x000000071a600000, 0x000000071a600000| Complete 
| 131|0x000000071a800000, 0x000000071aa00000, 0x000000071aa00000|100%| E|CS|TAMS 0x000000071a800000, 0x000000071a800000| Complete 
| 132|0x000000071aa00000, 0x000000071ac00000, 0x000000071ac00000|100%| E|CS|TAMS 0x000000071aa00000, 0x000000071aa00000| Complete 
| 133|0x000000071ac00000, 0x000000071ae00000, 0x000000071ae00000|100%| E|CS|TAMS 0x000000071ac00000, 0x000000071ac00000| Complete 
| 134|0x000000071ae00000, 0x000000071b000000, 0x000000071b000000|100%| E|CS|TAMS 0x000000071ae00000, 0x000000071ae00000| Complete 
| 135|0x000000071b000000, 0x000000071b200000, 0x000000071b200000|100%| E|CS|TAMS 0x000000071b000000, 0x000000071b000000| Complete 
| 136|0x000000071b200000, 0x000000071b400000, 0x000000071b400000|100%| E|CS|TAMS 0x000000071b200000, 0x000000071b200000| Complete 
| 137|0x000000071b400000, 0x000000071b600000, 0x000000071b600000|100%| E|CS|TAMS 0x000000071b400000, 0x000000071b400000| Complete 
| 138|0x000000071b600000, 0x000000071b800000, 0x000000071b800000|100%| E|CS|TAMS 0x000000071b600000, 0x000000071b600000| Complete 
| 139|0x000000071b800000, 0x000000071ba00000, 0x000000071ba00000|100%| E|CS|TAMS 0x000000071b800000, 0x000000071b800000| Complete 
| 140|0x000000071ba00000, 0x000000071bc00000, 0x000000071bc00000|100%| E|CS|TAMS 0x000000071ba00000, 0x000000071ba00000| Complete 
| 141|0x000000071bc00000, 0x000000071be00000, 0x000000071be00000|100%| E|CS|TAMS 0x000000071bc00000, 0x000000071bc00000| Complete 
| 142|0x000000071be00000, 0x000000071c000000, 0x000000071c000000|100%| E|CS|TAMS 0x000000071be00000, 0x000000071be00000| Complete 
| 143|0x000000071c000000, 0x000000071c200000, 0x000000071c200000|100%| E|CS|TAMS 0x000000071c000000, 0x000000071c000000| Complete 
| 144|0x000000071c200000, 0x000000071c400000, 0x000000071c400000|100%| E|CS|TAMS 0x000000071c200000, 0x000000071c200000| Complete 
| 145|0x000000071c400000, 0x000000071c600000, 0x000000071c600000|100%| E|CS|TAMS 0x000000071c400000, 0x000000071c400000| Complete 
| 146|0x000000071c600000, 0x000000071c800000, 0x000000071c800000|100%| E|CS|TAMS 0x000000071c600000, 0x000000071c600000| Complete 
| 147|0x000000071c800000, 0x000000071ca00000, 0x000000071ca00000|100%| E|CS|TAMS 0x000000071c800000, 0x000000071c800000| Complete 

Card table byte_map: [0x0000017cdf6c0000,0x0000017cdfe70000] _byte_map_base: 0x0000017cdbe6f000

Marking Bits (Prev, Next): (CMBitMap*) 0x0000017cc6fb15b0, (CMBitMap*) 0x0000017cc6fb15f0
 Prev Bits: [0x0000017ce0620000, 0x0000017ce4398000)
 Next Bits: [0x0000017ce43a0000, 0x0000017ce8118000)

Polling page: 0x0000017cc56f0000

Metaspace:

Usage:
  Non-class:     17.00 MB used.
      Class:      2.83 MB used.
       Both:     19.83 MB used.

Virtual space:
  Non-class space:       64.00 MB reserved,      17.13 MB ( 27%) committed,  1 nodes.
      Class space:        1.00 GB reserved,       2.94 MB ( <1%) committed,  1 nodes.
             Both:        1.06 GB reserved,      20.06 MB (  2%) committed. 

Chunk freelists:
   Non-Class:  13.95 MB
       Class:  13.08 MB
        Both:  27.03 MB

MaxMetaspaceSize: unlimited
CompressedClassSpaceSize: 1.00 GB
Initial GC threshold: 21.00 MB
Current GC threshold: 21.00 MB
CDS: on
MetaspaceReclaimPolicy: balanced
 - commit_granule_bytes: 65536.
 - commit_granule_words: 8192.
 - virtual_space_node_default_size: 8388608.
 - enlarge_chunks_in_place: 1.
 - new_chunks_are_fully_committed: 0.
 - uncommit_free_chunks: 1.
 - use_allocation_guard: 0.
 - handle_deallocations: 1.


Internal statistics:

num_allocs_failed_limit: 0.
num_arena_births: 238.
num_arena_deaths: 0.
num_vsnodes_births: 2.
num_vsnodes_deaths: 0.
num_space_committed: 321.
num_space_uncommitted: 0.
num_chunks_returned_to_freelist: 0.
num_chunks_taken_from_freelist: 875.
num_chunk_merges: 0.
num_chunk_splits: 619.
num_chunks_enlarged: 486.
num_inconsistent_stats: 0.

CodeHeap 'non-profiled nmethods': size=119168Kb used=3192Kb max_used=3192Kb free=115975Kb
 bounds [0x0000017cd6ae0000, 0x0000017cd6e00000, 0x0000017cddf40000]
CodeHeap 'profiled nmethods': size=119104Kb used=9970Kb max_used=9970Kb free=109133Kb
 bounds [0x0000017ccef40000, 0x0000017ccf900000, 0x0000017cd6390000]
CodeHeap 'non-nmethods': size=7488Kb used=1530Kb max_used=3295Kb free=5957Kb
 bounds [0x0000017cd6390000, 0x0000017cd66e0000, 0x0000017cd6ae0000]
 total_blobs=5533 nmethods=4702 adapters=742
 compilation: enabled
              stopped_count=0, restarted_count=0
 full_count=0

Compilation events (20 events):
Event: 425.694 Thread 0x0000017cea844b00 4692       1       javafx.scene.control.TextFormatter$Change::getAnchor (5 bytes)
Event: 425.694 Thread 0x0000017cea844b00 nmethod 4692 0x0000017cd6dfcf10 code [0x0000017cd6dfd0a0, 0x0000017cd6dfd178]
Event: 425.694 Thread 0x0000017cea844b00 4693       1       javafx.scene.control.TextFormatter$Change::getCaretPosition (5 bytes)
Event: 425.694 Thread 0x0000017cea844b00 nmethod 4693 0x0000017cd6dfd210 code [0x0000017cd6dfd3a0, 0x0000017cd6dfd478]
Event: 425.694 Thread 0x0000017cea844b00 4696       3       javafx.scene.control.TextField$TextFieldContent::get (10 bytes)
Event: 425.694 Thread 0x0000017cea844b00 nmethod 4696 0x0000017ccf8fad10 code [0x0000017ccf8faec0, 0x0000017ccf8fb088]
Event: 425.694 Thread 0x0000017cea844b00 4698       3       com.sun.javafx.text.PrismTextLayout::getText (112 bytes)
Event: 425.694 Thread 0x0000017cea838b40 4700       4       java.util.RegularEnumSet::add (9 bytes)
Event: 425.695 Thread 0x0000017cea844b00 nmethod 4698 0x0000017ccf8fb190 code [0x0000017ccf8fb3a0, 0x0000017ccf8fbbe8]
Event: 425.695 Thread 0x0000017cea844b00 4699       3       com.sun.javafx.text.TextRun::shape (33 bytes)
Event: 425.695 Thread 0x0000017cea844b00 nmethod 4699 0x0000017ccf8fbf90 code [0x0000017ccf8fc120, 0x0000017ccf8fc338]
Event: 425.695 Thread 0x0000017cea844b00 4697       1       javafx.scene.control.TextInputControl::textProperty (5 bytes)
Event: 425.695 Thread 0x0000017cea844b00 nmethod 4697 0x0000017cd6dfd510 code [0x0000017cd6dfd6a0, 0x0000017cd6dfd778]
Event: 425.695 Thread 0x0000017cea838b40 nmethod 4700 0x0000017cd6dfd810 code [0x0000017cd6dfd980, 0x0000017cd6dfdab8]
Event: 425.695 Thread 0x0000017cea838b40 4701       4       java.util.RegularEnumSet::add (40 bytes)
Event: 425.696 Thread 0x0000017cea838b40 nmethod 4701 0x0000017cd6dfdc10 code [0x0000017cd6dfdd80, 0x0000017cd6dfde78]
Event: 425.696 Thread 0x0000017cea838b40 4702       4       java.util.EnumSet::typeCheck (59 bytes)
Event: 425.696 Thread 0x0000017cea838b40 nmethod 4702 0x0000017cd6dfdf90 code [0x0000017cd6dfe100, 0x0000017cd6dfe1d8]
Event: 425.766 Thread 0x0000017cea844b00 4703       3       java.util.HashMap::clear (50 bytes)
Event: 425.766 Thread 0x0000017cea844b00 nmethod 4703 0x0000017ccf8fc410 code [0x0000017ccf8fc5c0, 0x0000017ccf8fc9b8]

GC Heap History (20 events):
Event: 1.116 GC heap before
{Heap before GC invocations=1 (full 0):
 garbage-first heap   total 251904K, used 37252K [0x000000070a200000, 0x0000000800000000)
  region size 2048K, 19 young (38912K), 2 survivors (4096K)
 Metaspace       used 10918K, committed 11200K, reserved 1114112K
  class space    used 1520K, committed 1664K, reserved 1048576K
}
Event: 1.120 GC heap after
{Heap after GC invocations=2 (full 0):
 garbage-first heap   total 251904K, used 6882K [0x000000070a200000, 0x0000000800000000)
  region size 2048K, 3 young (6144K), 3 survivors (6144K)
 Metaspace       used 10918K, committed 11200K, reserved 1114112K
  class space    used 1520K, committed 1664K, reserved 1048576K
}
Event: 12.480 GC heap before
{Heap before GC invocations=2 (full 0):
 garbage-first heap   total 251904K, used 76514K [0x000000070a200000, 0x0000000800000000)
  region size 2048K, 36 young (73728K), 3 survivors (6144K)
 Metaspace       used 19265K, committed 19456K, reserved 1114112K
  class space    used 2784K, committed 2880K, reserved 1048576K
}
Event: 12.487 GC heap after
{Heap after GC invocations=3 (full 0):
 garbage-first heap   total 251904K, used 16989K [0x000000070a200000, 0x0000000800000000)
  region size 2048K, 5 young (10240K), 5 survivors (10240K)
 Metaspace       used 19265K, committed 19456K, reserved 1114112K
  class space    used 2784K, committed 2880K, reserved 1048576K
}
Event: 12.725 GC heap before
{Heap before GC invocations=3 (full 0):
 garbage-first heap   total 251904K, used 156253K [0x000000070a200000, 0x0000000800000000)
  region size 2048K, 73 young (149504K), 5 survivors (10240K)
 Metaspace       used 19272K, committed 19456K, reserved 1114112K
  class space    used 2784K, committed 2880K, reserved 1048576K
}
Event: 12.731 GC heap after
{Heap after GC invocations=4 (full 0):
 garbage-first heap   total 251904K, used 17465K [0x000000070a200000, 0x0000000800000000)
  region size 2048K, 6 young (12288K), 6 survivors (12288K)
 Metaspace       used 19272K, committed 19456K, reserved 1114112K
  class space    used 2784K, committed 2880K, reserved 1048576K
}
Event: 12.891 GC heap before
{Heap before GC invocations=4 (full 0):
 garbage-first heap   total 251904K, used 154681K [0x000000070a200000, 0x0000000800000000)
  region size 2048K, 73 young (149504K), 6 survivors (12288K)
 Metaspace       used 19272K, committed 19456K, reserved 1114112K
  class space    used 2784K, committed 2880K, reserved 1048576K
}
Event: 12.895 GC heap after
{Heap after GC invocations=5 (full 0):
 garbage-first heap   total 251904K, used 17526K [0x000000070a200000, 0x0000000800000000)
  region size 2048K, 6 young (12288K), 6 survivors (12288K)
 Metaspace       used 19272K, committed 19456K, reserved 1114112K
  class space    used 2784K, committed 2880K, reserved 1048576K
}
Event: 13.068 GC heap before
{Heap before GC invocations=5 (full 0):
 garbage-first heap   total 251904K, used 154742K [0x000000070a200000, 0x0000000800000000)
  region size 2048K, 73 young (149504K), 6 survivors (12288K)
 Metaspace       used 19276K, committed 19456K, reserved 1114112K
  class space    used 2784K, committed 2880K, reserved 1048576K
}
Event: 13.072 GC heap after
{Heap after GC invocations=6 (full 0):
 garbage-first heap   total 251904K, used 17562K [0x000000070a200000, 0x0000000800000000)
  region size 2048K, 6 young (12288K), 6 survivors (12288K)
 Metaspace       used 19276K, committed 19456K, reserved 1114112K
  class space    used 2784K, committed 2880K, reserved 1048576K
}
Event: 13.212 GC heap before
{Heap before GC invocations=6 (full 0):
 garbage-first heap   total 251904K, used 154778K [0x000000070a200000, 0x0000000800000000)
  region size 2048K, 73 young (149504K), 6 survivors (12288K)
 Metaspace       used 19276K, committed 19456K, reserved 1114112K
  class space    used 2784K, committed 2880K, reserved 1048576K
}
Event: 13.217 GC heap after
{Heap after GC invocations=7 (full 0):
 garbage-first heap   total 251904K, used 17645K [0x000000070a200000, 0x0000000800000000)
  region size 2048K, 6 young (12288K), 6 survivors (12288K)
 Metaspace       used 19276K, committed 19456K, reserved 1114112K
  class space    used 2784K, committed 2880K, reserved 1048576K
}
Event: 13.362 GC heap before
{Heap before GC invocations=7 (full 0):
 garbage-first heap   total 251904K, used 154861K [0x000000070a200000, 0x0000000800000000)
  region size 2048K, 73 young (149504K), 6 survivors (12288K)
 Metaspace       used 19276K, committed 19456K, reserved 1114112K
  class space    used 2784K, committed 2880K, reserved 1048576K
}
Event: 13.367 GC heap after
{Heap after GC invocations=8 (full 0):
 garbage-first heap   total 303104K, used 17275K [0x000000070a200000, 0x0000000800000000)
  region size 2048K, 6 young (12288K), 6 survivors (12288K)
 Metaspace       used 19276K, committed 19456K, reserved 1114112K
  class space    used 2784K, committed 2880K, reserved 1048576K
}
Event: 13.550 GC heap before
{Heap before GC invocations=8 (full 0):
 garbage-first heap   total 303104K, used 185211K [0x000000070a200000, 0x0000000800000000)
  region size 2048K, 88 young (180224K), 6 survivors (12288K)
 Metaspace       used 19276K, committed 19456K, reserved 1114112K
  class space    used 2784K, committed 2880K, reserved 1048576K
}
Event: 13.554 GC heap after
{Heap after GC invocations=9 (full 0):
 garbage-first heap   total 303104K, used 18215K [0x000000070a200000, 0x0000000800000000)
  region size 2048K, 6 young (12288K), 6 survivors (12288K)
 Metaspace       used 19276K, committed 19456K, reserved 1114112K
  class space    used 2784K, committed 2880K, reserved 1048576K
}
Event: 13.717 GC heap before
{Heap before GC invocations=9 (full 0):
 garbage-first heap   total 303104K, used 186151K [0x000000070a200000, 0x0000000800000000)
  region size 2048K, 88 young (180224K), 6 survivors (12288K)
 Metaspace       used 19277K, committed 19456K, reserved 1114112K
  class space    used 2784K, committed 2880K, reserved 1048576K
}
Event: 13.721 GC heap after
{Heap after GC invocations=10 (full 0):
 garbage-first heap   total 303104K, used 17228K [0x000000070a200000, 0x0000000800000000)
  region size 2048K, 6 young (12288K), 6 survivors (12288K)
 Metaspace       used 19277K, committed 19456K, reserved 1114112K
  class space    used 2784K, committed 2880K, reserved 1048576K
}
Event: 14.081 GC heap before
{Heap before GC invocations=10 (full 0):
 garbage-first heap   total 303104K, used 185164K [0x000000070a200000, 0x0000000800000000)
  region size 2048K, 88 young (180224K), 6 survivors (12288K)
 Metaspace       used 19328K, committed 19584K, reserved 1114112K
  class space    used 2788K, committed 2880K, reserved 1048576K
}
Event: 14.084 GC heap after
{Heap after GC invocations=11 (full 0):
 garbage-first heap   total 303104K, used 17713K [0x000000070a200000, 0x0000000800000000)
  region size 2048K, 6 young (12288K), 6 survivors (12288K)
 Metaspace       used 19328K, committed 19584K, reserved 1114112K
  class space    used 2788K, committed 2880K, reserved 1048576K
}

Dll operation events (20 events):
Event: 0.377 Loaded shared library C:\Users\Nemo Steven\.openjfx\cache\17.0.6\api-ms-win-crt-math-l1-1-0.dll
Event: 0.380 Loaded shared library C:\Users\Nemo Steven\.openjfx\cache\17.0.6\api-ms-win-crt-multibyte-l1-1-0.dll
Event: 0.383 Loaded shared library C:\Users\Nemo Steven\.openjfx\cache\17.0.6\api-ms-win-crt-private-l1-1-0.dll
Event: 0.386 Loaded shared library C:\Users\Nemo Steven\.openjfx\cache\17.0.6\api-ms-win-crt-process-l1-1-0.dll
Event: 0.389 Loaded shared library C:\Users\Nemo Steven\.openjfx\cache\17.0.6\api-ms-win-crt-runtime-l1-1-0.dll
Event: 0.392 Loaded shared library C:\Users\Nemo Steven\.openjfx\cache\17.0.6\api-ms-win-crt-stdio-l1-1-0.dll
Event: 0.394 Loaded shared library C:\Users\Nemo Steven\.openjfx\cache\17.0.6\api-ms-win-crt-string-l1-1-0.dll
Event: 0.397 Loaded shared library C:\Users\Nemo Steven\.openjfx\cache\17.0.6\api-ms-win-crt-time-l1-1-0.dll
Event: 0.399 Loaded shared library C:\Users\Nemo Steven\.openjfx\cache\17.0.6\api-ms-win-crt-utility-l1-1-0.dll
Event: 0.409 Loaded shared library C:\Users\Nemo Steven\.openjfx\cache\17.0.6\ucrtbase.dll
Event: 0.412 Loaded shared library C:\Users\Nemo Steven\.openjfx\cache\17.0.6\vcruntime140.dll
Event: 0.415 Loaded shared library C:\Users\Nemo Steven\.openjfx\cache\17.0.6\vcruntime140_1.dll
Event: 0.422 Loaded shared library C:\Users\Nemo Steven\.openjfx\cache\17.0.6\msvcp140.dll
Event: 0.424 Loaded shared library C:\Users\Nemo Steven\.openjfx\cache\17.0.6\msvcp140_1.dll
Event: 0.428 Loaded shared library C:\Users\Nemo Steven\.openjfx\cache\17.0.6\msvcp140_2.dll
Event: 0.459 Loaded shared library C:\Users\Nemo Steven\.openjfx\cache\17.0.6\prism_d3d.dll
Event: 0.521 Loaded shared library C:\Users\Nemo Steven\.openjfx\cache\17.0.6\glass.dll
Event: 0.762 Loaded shared library C:\Users\Nemo Steven\.openjfx\cache\17.0.6\javafx_font.dll
Event: 0.776 Loaded shared library C:\Users\Nemo Steven\.jdks\corretto-17.0.8.1\bin\jimage.dll
Event: 14.331 Loaded shared library C:\Users\Nemo Steven\.jdks\corretto-17.0.8.1\bin\sunmscapi.dll

Deoptimization events (20 events):
Event: 14.394 Thread 0x0000017cf066ca10 DEOPT PACKING pc=0x0000017ccf8ecc9e sp=0x000000335aefcea0
Event: 14.394 Thread 0x0000017cf066ca10 DEOPT UNPACKING pc=0x0000017cd63e7143 sp=0x000000335aefc348 mode 0
Event: 14.395 Thread 0x0000017cf066ca10 DEOPT PACKING pc=0x0000017ccf8ecc9e sp=0x000000335aefcea0
Event: 14.395 Thread 0x0000017cf066ca10 DEOPT UNPACKING pc=0x0000017cd63e7143 sp=0x000000335aefc348 mode 0
Event: 14.395 Thread 0x0000017cf066ca10 DEOPT PACKING pc=0x0000017ccf8ecc9e sp=0x000000335aefcea0
Event: 14.395 Thread 0x0000017cf066ca10 DEOPT UNPACKING pc=0x0000017cd63e7143 sp=0x000000335aefc348 mode 0
Event: 14.395 Thread 0x0000017cf066ca10 DEOPT PACKING pc=0x0000017ccf8ecc9e sp=0x000000335aefcea0
Event: 14.395 Thread 0x0000017cf066ca10 DEOPT UNPACKING pc=0x0000017cd63e7143 sp=0x000000335aefc348 mode 0
Event: 14.396 Thread 0x0000017cf066ca10 DEOPT PACKING pc=0x0000017ccf8ecc9e sp=0x000000335aefcea0
Event: 14.396 Thread 0x0000017cf066ca10 DEOPT UNPACKING pc=0x0000017cd63e7143 sp=0x000000335aefc348 mode 0
Event: 14.506 Thread 0x0000017cf066ca10 Uncommon trap: trap_request=0xffffff45 fr.pc=0x0000017cd6df85a0 relative=0x0000000000000660
Event: 14.506 Thread 0x0000017cf066ca10 Uncommon trap: reason=unstable_if action=reinterpret pc=0x0000017cd6df85a0 method=com.sun.crypto.provider.CipherCore.update([BII[BI)I @ 575 c2
Event: 14.506 Thread 0x0000017cf066ca10 DEOPT PACKING pc=0x0000017cd6df85a0 sp=0x000000335aefd140
Event: 14.506 Thread 0x0000017cf066ca10 DEOPT UNPACKING pc=0x0000017cd63e69a3 sp=0x000000335aefd118 mode 2
Event: 425.715 Thread 0x0000017cf066ca10 Uncommon trap: trap_request=0xffffff45 fr.pc=0x0000017cd6db9fec relative=0x000000000000006c
Event: 425.715 Thread 0x0000017cf066ca10 Uncommon trap: reason=unstable_if action=reinterpret pc=0x0000017cd6db9fec method=java.util.LinkedList$ListItr.hasNext()Z @ 11 c2
Event: 425.715 Thread 0x0000017cf066ca10 DEOPT PACKING pc=0x0000017cd6db9fec sp=0x000000335aefe510
Event: 425.715 Thread 0x0000017cf066ca10 DEOPT UNPACKING pc=0x0000017cd63e69a3 sp=0x000000335aefe4a0 mode 2
Event: 425.766 Thread 0x0000017cf63be920 DEOPT PACKING pc=0x0000017ccf10c4cc sp=0x000000335a3ff110
Event: 425.766 Thread 0x0000017cf63be920 DEOPT UNPACKING pc=0x0000017cd63e7143 sp=0x000000335a3fe570 mode 1

Classes unloaded (0 events):
No events

Classes redefined (0 events):
No events

Internal exceptions (20 events):
Event: 1.420 Thread 0x0000017cf066ca10 Exception <a 'java/lang/NoSuchMethodError'{0x00000007180968d0}: 'void java.lang.invoke.DirectMethodHandle$Holder.invokeSpecialIFC(java.lang.Object, java.lang.Object, java.lang.Object, java.lang.Object)'> (0x00000007180968d0) 
thrown [s\src\hotspot\share\interpreter\linkResolver.cpp, line 759]
Event: 1.448 Thread 0x0000017cf066ca10 Exception <a 'java/lang/NoSuchMethodError'{0x0000000717e50ae8}: 'int java.lang.invoke.DirectMethodHandle$Holder.invokeSpecial(java.lang.Object, java.lang.Object, int)'> (0x0000000717e50ae8) 
thrown [s\src\hotspot\share\interpreter\linkResolver.cpp, line 759]
Event: 1.564 Thread 0x0000017cf066ca10 Exception <a 'java/lang/NoSuchMethodError'{0x0000000717b0a670}: 'void java.lang.invoke.DirectMethodHandle$Holder.invokeSpecial(java.lang.Object, java.lang.Object, int, int)'> (0x0000000717b0a670) 
thrown [s\src\hotspot\share\interpreter\linkResolver.cpp, line 759]
Event: 1.565 Thread 0x0000017cf066ca10 Exception <a 'java/lang/NoSuchMethodError'{0x0000000717b10e58}: 'java.lang.Object java.lang.invoke.DirectMethodHandle$Holder.newInvokeSpecial(java.lang.Object, java.lang.Object, int, int)'> (0x0000000717b10e58) 
thrown [s\src\hotspot\share\interpreter\linkResolver.cpp, line 759]
Event: 1.583 Thread 0x0000017cf066ca10 Exception <a 'java/lang/NoSuchMethodError'{0x0000000717b45240}: 'java.lang.Object java.lang.invoke.DirectMethodHandle$Holder.newInvokeSpecial(java.lang.Object, java.lang.Object, int)'> (0x0000000717b45240) 
thrown [s\src\hotspot\share\interpreter\linkResolver.cpp, line 759]
Event: 1.632 Thread 0x0000017ceb348ad0 Exception <a 'java/lang/NoSuchMethodError'{0x00000007178fa878}: 'int java.lang.invoke.DirectMethodHandle$Holder.invokeStaticInit(java.lang.Object, java.lang.Object)'> (0x00000007178fa878) 
thrown [s\src\hotspot\share\interpreter\linkResolver.cpp, line 759]
Event: 2.659 Thread 0x0000017cf066ca10 Exception <a 'java/lang/NoSuchMethodError'{0x0000000717264a70}: 'long java.lang.invoke.DirectMethodHandle$Holder.invokeStatic(java.lang.Object, java.lang.Object, java.lang.Object)'> (0x0000000717264a70) 
thrown [s\src\hotspot\share\interpreter\linkResolver.cpp, line 759]
Event: 2.659 Thread 0x0000017cf066ca10 Exception <a 'java/lang/NoSuchMethodError'{0x0000000717268218}: 'long java.lang.invoke.DirectMethodHandle$Holder.invokeStaticInit(java.lang.Object, java.lang.Object, java.lang.Object)'> (0x0000000717268218) 
thrown [s\src\hotspot\share\interpreter\linkResolver.cpp, line 759]
Event: 2.661 Thread 0x0000017cf066ca10 Exception <a 'java/lang/NoSuchMethodError'{0x000000071727fe20}: 'java.lang.Object java.lang.invoke.DirectMethodHandle$Holder.newInvokeSpecial(java.lang.Object, java.lang.Object, long)'> (0x000000071727fe20) 
thrown [s\src\hotspot\share\interpreter\linkResolver.cpp, line 759]
Event: 2.661 Thread 0x0000017cf066ca10 Exception <a 'java/lang/NoSuchMethodError'{0x0000000717283990}: 'java.lang.Object java.lang.invoke.Invokers$Holder.linkToTargetMethod(java.lang.Object, long, java.lang.Object)'> (0x0000000717283990) 
thrown [s\src\hotspot\share\interpreter\linkResolver.cpp, line 759]
Event: 8.510 Thread 0x0000017cf066ca10 Exception <a 'java/lang/NoSuchMethodError'{0x00000007173f1ba8}: 'java.lang.Object java.lang.invoke.DirectMethodHandle$Holder.newInvokeSpecial(java.lang.Object, java.lang.Object, int, int, int, int, int, java.lang.Object)'> (0x00000007173f1ba8) 
thrown [s\src\hotspot\share\interpreter\linkResolver.cpp, line 759]
Event: 8.511 Thread 0x0000017cf066ca10 Exception <a 'java/lang/NoSuchMethodError'{0x0000000716a055f8}: 'java.lang.Object java.lang.invoke.DirectMethodHandle$Holder.newInvokeSpecial(java.lang.Object, java.lang.Object, java.lang.Object, int, int, int, int, int)'> (0x0000000716a055f8) 
thrown [s\src\hotspot\share\interpreter\linkResolver.cpp, line 759]
Event: 8.512 Thread 0x0000017cf066ca10 Exception <a 'java/lang/NoSuchMethodError'{0x0000000716a0ce58}: 'java.lang.Object java.lang.invoke.Invokers$Holder.linkToTargetMethod(java.lang.Object, java.lang.Object, int, int, int, int, int, java.lang.Object)'> (0x0000000716a0ce58) 
thrown [s\src\hotspot\share\interpreter\linkResolver.cpp, line 759]
Event: 9.719 Thread 0x0000017cf066ca10 Implicit null exception at 0x0000017cd6bb90f7 to 0x0000017cd6bb99e8
Event: 9.742 Thread 0x0000017ceb348ad0 Exception <a 'java/lang/NoSuchMethodError'{0x00000007173340b8}: 'java.lang.Object java.lang.invoke.DirectMethodHandle$Holder.invokeStaticInit(java.lang.Object, int)'> (0x00000007173340b8) 
thrown [s\src\hotspot\share\interpreter\linkResolver.cpp, line 759]
Event: 11.719 Thread 0x0000017cf066ca10 Exception <a 'sun/nio/fs/WindowsException'{0x00000007164b3bc0}> (0x00000007164b3bc0) 
thrown [s\src\hotspot\share\prims\jni.cpp, line 516]
Event: 11.719 Thread 0x0000017cf066ca10 Exception <a 'java/lang/ClassNotFoundException'{0x00000007164b4898}: sun/net/www/protocol/data/Handler> (0x00000007164b4898) 
thrown [s\src\hotspot\share\classfile\systemDictionary.cpp, line 256]
Event: 12.425 Thread 0x0000017cf066ca10 Exception <a 'java/lang/NoSuchMethodError'{0x000000071604dc88}: static [Ljava/lang/String;.<clinit>()V> (0x000000071604dc88) 
thrown [s\src\hotspot\share\prims\jni.cpp, line 1107]
Event: 14.337 Thread 0x0000017cf066ca10 Exception <a 'sun/nio/fs/WindowsException'{0x00000007171ac558}> (0x00000007171ac558) 
thrown [s\src\hotspot\share\prims\jni.cpp, line 516]
Event: 57.874 Thread 0x0000017cf066ca10 Exception <a 'sun/nio/fs/WindowsException'{0x0000000716256eb0}> (0x0000000716256eb0) 
thrown [s\src\hotspot\share\prims\jni.cpp, line 516]

VM Operations (20 events):
Event: 421.778 Executing VM operation: get/set locals done
Event: 421.778 Executing VM operation: get/set locals
Event: 421.779 Executing VM operation: get/set locals done
Event: 421.779 Executing VM operation: get/set locals
Event: 421.779 Executing VM operation: get/set locals done
Event: 421.779 Executing VM operation: get/set locals
Event: 421.779 Executing VM operation: get/set locals done
Event: 421.779 Executing VM operation: get/set locals
Event: 421.779 Executing VM operation: get/set locals done
Event: 421.779 Executing VM operation: get/set locals
Event: 421.779 Executing VM operation: get/set locals done
Event: 425.676 Executing VM operation: ChangeBreakpoints
Event: 425.676 Executing VM operation: ChangeBreakpoints done
Event: 425.677 Executing VM operation: ChangeBreakpoints
Event: 425.677 Executing VM operation: ChangeBreakpoints done
Event: 425.677 Executing VM operation: ChangeBreakpoints
Event: 425.677 Executing VM operation: ChangeBreakpoints done
Event: 425.677 Executing VM operation: ChangeBreakpoints
Event: 425.677 Executing VM operation: ChangeBreakpoints done
Event: 425.773 Executing VM operation: Exit

Events (20 events):
Event: 425.692 loading class javafx/scene/layout/StackPane done
Event: 425.692 loading class javafx/scene/layout/StackPane
Event: 425.692 loading class javafx/scene/layout/StackPane done
Event: 425.692 loading class javafx/event/ActionEvent
Event: 425.692 loading class javafx/event/ActionEvent done
Event: 425.764 loading class jdk/internal/misc/Signal$1
Event: 425.764 loading class jdk/internal/misc/Signal$1 done
Event: 425.764 Thread 0x0000017cf677a870 Thread added: 0x0000017cf677a870
Event: 425.765 Thread 0x0000017cf677db10 Thread added: 0x0000017cf677db10
Event: 425.765 Thread 0x0000017cf677d0f0 Thread added: 0x0000017cf677d0f0
Event: 425.765 Thread 0x0000017cf63be920 Thread added: 0x0000017cf63be920
Event: 425.765 Thread 0x0000017cf677db10 Thread exited: 0x0000017cf677db10
Event: 425.765 loading class com/sun/javafx/font/PrismFontFile
Event: 425.765 loading class com/sun/javafx/font/PrismFontFile done
Event: 425.766 loading class com/sun/javafx/tk/quantum/QuantumRenderer
Event: 425.766 loading class com/sun/javafx/tk/quantum/QuantumRenderer done
Event: 425.766 loading class com/sun/javafx/tk/quantum/QuantumToolkit
Event: 425.766 loading class com/sun/javafx/tk/quantum/QuantumToolkit done
Event: 425.766 Thread 0x0000017cf63be920 Thread exited: 0x0000017cf63be920
Event: 425.773 Thread 0x0000017cf677d0f0 Thread exited: 0x0000017cf677d0f0


Dynamic libraries:
0x00007ff781c50000 - 0x00007ff781c5d000 	C:\Users\Nemo Steven\.jdks\corretto-17.0.8.1\bin\java.exe
0x00007ffa97e50000 - 0x00007ffa98048000 	C:\Windows\SYSTEM32\ntdll.dll
0x00007ffa964d0000 - 0x00007ffa9658d000 	C:\Windows\System32\KERNEL32.DLL
0x00007ffa95870000 - 0x00007ffa95b66000 	C:\Windows\System32\KERNELBASE.dll
0x00007ffa95b70000 - 0x00007ffa95c70000 	C:\Windows\System32\ucrtbase.dll
0x00007ffa82f80000 - 0x00007ffa82f97000 	C:\Users\Nemo Steven\.jdks\corretto-17.0.8.1\bin\jli.dll
0x00007ffa82f20000 - 0x00007ffa82f35000 	C:\Users\Nemo Steven\.jdks\corretto-17.0.8.1\bin\VCRUNTIME140.dll
0x00007ffa96f00000 - 0x00007ffa9709e000 	C:\Windows\System32\USER32.dll
0x00007ffa95e80000 - 0x00007ffa95ea2000 	C:\Windows\System32\win32u.dll
0x00007ffa972d0000 - 0x00007ffa972fc000 	C:\Windows\System32\GDI32.dll
0x00007ffa955b0000 - 0x00007ffa956ca000 	C:\Windows\System32\gdi32full.dll
0x00007ffa7ac80000 - 0x00007ffa7af1a000 	C:\Windows\WinSxS\amd64_microsoft.windows.common-controls_6595b64144ccf1df_6.0.19041.3636_none_60b6a03d71f818d5\COMCTL32.dll
0x00007ffa957d0000 - 0x00007ffa9586d000 	C:\Windows\System32\msvcp_win.dll
0x00007ffa978a0000 - 0x00007ffa9793e000 	C:\Windows\System32\msvcrt.dll
0x00007ffa970a0000 - 0x00007ffa970d0000 	C:\Windows\System32\IMM32.DLL
0x000000006a100000 - 0x000000006a10c000 	E:\Program Files (x86)\360\360safe\safemon\SafeWrapper.dll
0x00007ffa973b0000 - 0x00007ffa9745f000 	C:\Windows\System32\ADVAPI32.dll
0x00007ffa975e0000 - 0x00007ffa9767c000 	C:\Windows\System32\sechost.dll
0x00007ffa96340000 - 0x00007ffa96466000 	C:\Windows\System32\RPCRT4.dll
0x00007ffa95260000 - 0x00007ffa9529e000 	E:\Program Files (x86)\360\360safe\safemon\capid64.dll
0x00007ffa96590000 - 0x00007ffa965e5000 	C:\Windows\System32\SHLWAPI.dll
0x00007ffa745c0000 - 0x00007ffa7465b000 	C:\Users\Nemo Steven\.jdks\corretto-17.0.8.1\bin\msvcp140.dll
0x00007ffa225e0000 - 0x00007ffa231fd000 	C:\Users\Nemo Steven\.jdks\corretto-17.0.8.1\bin\server\jvm.dll
0x00007ffa95390000 - 0x00007ffa953db000 	C:\Windows\SYSTEM32\POWRPROF.dll
0x00007ffa6fee0000 - 0x00007ffa6fee9000 	C:\Windows\SYSTEM32\WSOCK32.dll
0x00007ffa95350000 - 0x00007ffa9535a000 	C:\Windows\SYSTEM32\VERSION.dll
0x00007ffa8a040000 - 0x00007ffa8a067000 	C:\Windows\SYSTEM32\WINMM.dll
0x00007ffa97140000 - 0x00007ffa971ab000 	C:\Windows\System32\WS2_32.dll
0x00007ffa95370000 - 0x00007ffa95382000 	C:\Windows\SYSTEM32\UMPDC.dll
0x00007ffa94040000 - 0x00007ffa94052000 	C:\Windows\SYSTEM32\kernel.appcore.dll
0x00007ffa82f70000 - 0x00007ffa82f7a000 	C:\Users\Nemo Steven\.jdks\corretto-17.0.8.1\bin\jimage.dll
0x00007ffa93800000 - 0x00007ffa939e4000 	C:\Windows\SYSTEM32\DBGHELP.DLL
0x00007ffa7d290000 - 0x00007ffa7d2c4000 	C:\Windows\SYSTEM32\dbgcore.DLL
0x00007ffa956d0000 - 0x00007ffa95752000 	C:\Windows\System32\bcryptPrimitives.dll
0x00007ffa90770000 - 0x00007ffa907a9000 	C:\Users\Nemo Steven\.jdks\corretto-17.0.8.1\bin\jdwp.dll
0x00007ffa90760000 - 0x00007ffa9076e000 	C:\Users\Nemo Steven\.jdks\corretto-17.0.8.1\bin\instrument.dll
0x00007ffa7a550000 - 0x00007ffa7a575000 	C:\Users\Nemo Steven\.jdks\corretto-17.0.8.1\bin\java.dll
0x00007ffa73060000 - 0x00007ffa73078000 	C:\Users\Nemo Steven\.jdks\corretto-17.0.8.1\bin\zip.dll
0x00007ffa5c390000 - 0x00007ffa5c466000 	C:\Users\Nemo Steven\.jdks\corretto-17.0.8.1\bin\jsvml.dll
0x00007ffa967a0000 - 0x00007ffa96ee5000 	C:\Windows\System32\SHELL32.dll
0x00007ffa92700000 - 0x00007ffa92e9b000 	C:\Windows\SYSTEM32\windows.storage.dll
0x00007ffa95eb0000 - 0x00007ffa96204000 	C:\Windows\System32\combase.dll
0x00007ffa94dd0000 - 0x00007ffa94dfd000 	C:\Windows\SYSTEM32\Wldp.dll
0x00007ffa977f0000 - 0x00007ffa9789d000 	C:\Windows\System32\SHCORE.dll
0x00007ffa95460000 - 0x00007ffa95485000 	C:\Windows\SYSTEM32\profapi.dll
0x00007ffa79a20000 - 0x00007ffa79a39000 	C:\Users\Nemo Steven\.jdks\corretto-17.0.8.1\bin\net.dll
0x00007ffa89cf0000 - 0x00007ffa89dfa000 	C:\Windows\SYSTEM32\WINHTTP.dll
0x00007ffa94b00000 - 0x00007ffa94b6a000 	C:\Windows\system32\mswsock.dll
0x00007ffa77290000 - 0x00007ffa772a5000 	C:\Users\Nemo Steven\.jdks\corretto-17.0.8.1\bin\nio.dll
0x00007ffa8eca0000 - 0x00007ffa8ecac000 	C:\Users\Nemo Steven\.jdks\corretto-17.0.8.1\bin\dt_socket.dll
0x00007ffa94800000 - 0x00007ffa9483b000 	C:\Windows\SYSTEM32\IPHLPAPI.DLL
0x0000017cc5730000 - 0x0000017cc5733000 	C:\Users\Nemo Steven\.openjfx\cache\17.0.6\api-ms-win-core-console-l1-1-0.dll
0x0000017cc7050000 - 0x0000017cc7053000 	C:\Users\Nemo Steven\.openjfx\cache\17.0.6\api-ms-win-core-console-l1-2-0.dll
0x0000017cc7060000 - 0x0000017cc7063000 	C:\Users\Nemo Steven\.openjfx\cache\17.0.6\api-ms-win-core-datetime-l1-1-0.dll
0x0000017cc71a0000 - 0x0000017cc71a3000 	C:\Users\Nemo Steven\.openjfx\cache\17.0.6\api-ms-win-core-debug-l1-1-0.dll
0x0000017cebef0000 - 0x0000017cebef3000 	C:\Users\Nemo Steven\.openjfx\cache\17.0.6\api-ms-win-core-errorhandling-l1-1-0.dll
0x0000017cebf00000 - 0x0000017cebf04000 	C:\Users\Nemo Steven\.openjfx\cache\17.0.6\api-ms-win-core-file-l1-1-0.dll
0x0000017cebf10000 - 0x0000017cebf13000 	C:\Users\Nemo Steven\.openjfx\cache\17.0.6\api-ms-win-core-file-l1-2-0.dll
0x0000017cebf20000 - 0x0000017cebf23000 	C:\Users\Nemo Steven\.openjfx\cache\17.0.6\api-ms-win-core-file-l2-1-0.dll
0x0000017cebf30000 - 0x0000017cebf33000 	C:\Users\Nemo Steven\.openjfx\cache\17.0.6\api-ms-win-core-handle-l1-1-0.dll
0x0000017cebf40000 - 0x0000017cebf43000 	C:\Users\Nemo Steven\.openjfx\cache\17.0.6\api-ms-win-core-heap-l1-1-0.dll
0x0000017cebf50000 - 0x0000017cebf53000 	C:\Users\Nemo Steven\.openjfx\cache\17.0.6\api-ms-win-core-interlocked-l1-1-0.dll
0x0000017cebf60000 - 0x0000017cebf63000 	C:\Users\Nemo Steven\.openjfx\cache\17.0.6\api-ms-win-core-libraryloader-l1-1-0.dll
0x0000017cebf70000 - 0x0000017cebf73000 	C:\Users\Nemo Steven\.openjfx\cache\17.0.6\api-ms-win-core-localization-l1-2-0.dll
0x0000017cebf80000 - 0x0000017cebf83000 	C:\Users\Nemo Steven\.openjfx\cache\17.0.6\api-ms-win-core-memory-l1-1-0.dll
0x0000017cebf90000 - 0x0000017cebf93000 	C:\Users\Nemo Steven\.openjfx\cache\17.0.6\api-ms-win-core-namedpipe-l1-1-0.dll
0x0000017cebfa0000 - 0x0000017cebfa3000 	C:\Users\Nemo Steven\.openjfx\cache\17.0.6\api-ms-win-core-processenvironment-l1-1-0.dll
0x0000017cebfb0000 - 0x0000017cebfb3000 	C:\Users\Nemo Steven\.openjfx\cache\17.0.6\api-ms-win-core-processthreads-l1-1-0.dll
0x0000017cebfc0000 - 0x0000017cebfc3000 	C:\Users\Nemo Steven\.openjfx\cache\17.0.6\api-ms-win-core-processthreads-l1-1-1.dll
0x0000017cebfd0000 - 0x0000017cebfd3000 	C:\Users\Nemo Steven\.openjfx\cache\17.0.6\api-ms-win-core-profile-l1-1-0.dll
0x0000017cebfe0000 - 0x0000017cebfe3000 	C:\Users\Nemo Steven\.openjfx\cache\17.0.6\api-ms-win-core-rtlsupport-l1-1-0.dll
0x0000017cebff0000 - 0x0000017cebff3000 	C:\Users\Nemo Steven\.openjfx\cache\17.0.6\api-ms-win-core-string-l1-1-0.dll
0x0000017cf0fd0000 - 0x0000017cf0fd3000 	C:\Users\Nemo Steven\.openjfx\cache\17.0.6\api-ms-win-core-synch-l1-1-0.dll
0x0000017cf0fe0000 - 0x0000017cf0fe3000 	C:\Users\Nemo Steven\.openjfx\cache\17.0.6\api-ms-win-core-synch-l1-2-0.dll
0x0000017cf0ff0000 - 0x0000017cf0ff3000 	C:\Users\Nemo Steven\.openjfx\cache\17.0.6\api-ms-win-core-sysinfo-l1-1-0.dll
0x0000017cf1000000 - 0x0000017cf1003000 	C:\Users\Nemo Steven\.openjfx\cache\17.0.6\api-ms-win-core-timezone-l1-1-0.dll
0x0000017cf1010000 - 0x0000017cf1013000 	C:\Users\Nemo Steven\.openjfx\cache\17.0.6\api-ms-win-core-util-l1-1-0.dll
0x0000017cf1020000 - 0x0000017cf1023000 	C:\Users\Nemo Steven\.openjfx\cache\17.0.6\api-ms-win-crt-conio-l1-1-0.dll
0x0000017cf1030000 - 0x0000017cf1034000 	C:\Users\Nemo Steven\.openjfx\cache\17.0.6\api-ms-win-crt-convert-l1-1-0.dll
0x0000017cf1040000 - 0x0000017cf1043000 	C:\Users\Nemo Steven\.openjfx\cache\17.0.6\api-ms-win-crt-environment-l1-1-0.dll
0x0000017cf1050000 - 0x0000017cf1053000 	C:\Users\Nemo Steven\.openjfx\cache\17.0.6\api-ms-win-crt-filesystem-l1-1-0.dll
0x0000017cf1060000 - 0x0000017cf1063000 	C:\Users\Nemo Steven\.openjfx\cache\17.0.6\api-ms-win-crt-heap-l1-1-0.dll
0x0000017cf1070000 - 0x0000017cf1073000 	C:\Users\Nemo Steven\.openjfx\cache\17.0.6\api-ms-win-crt-locale-l1-1-0.dll
0x0000017cf1080000 - 0x0000017cf1085000 	C:\Users\Nemo Steven\.openjfx\cache\17.0.6\api-ms-win-crt-math-l1-1-0.dll
0x0000017cf1090000 - 0x0000017cf1095000 	C:\Users\Nemo Steven\.openjfx\cache\17.0.6\api-ms-win-crt-multibyte-l1-1-0.dll
0x0000017cf10a0000 - 0x0000017cf10b0000 	C:\Users\Nemo Steven\.openjfx\cache\17.0.6\api-ms-win-crt-private-l1-1-0.dll
0x0000017cf10b0000 - 0x0000017cf10b3000 	C:\Users\Nemo Steven\.openjfx\cache\17.0.6\api-ms-win-crt-process-l1-1-0.dll
0x0000017cf10c0000 - 0x0000017cf10c4000 	C:\Users\Nemo Steven\.openjfx\cache\17.0.6\api-ms-win-crt-runtime-l1-1-0.dll
0x0000017cf10d0000 - 0x0000017cf10d4000 	C:\Users\Nemo Steven\.openjfx\cache\17.0.6\api-ms-win-crt-stdio-l1-1-0.dll
0x0000017cf10e0000 - 0x0000017cf10e4000 	C:\Users\Nemo Steven\.openjfx\cache\17.0.6\api-ms-win-crt-string-l1-1-0.dll
0x0000017cf10f0000 - 0x0000017cf10f3000 	C:\Users\Nemo Steven\.openjfx\cache\17.0.6\api-ms-win-crt-time-l1-1-0.dll
0x0000017cf1100000 - 0x0000017cf1103000 	C:\Users\Nemo Steven\.openjfx\cache\17.0.6\api-ms-win-crt-utility-l1-1-0.dll
0x00007ffa5c7a0000 - 0x00007ffa5c89c000 	C:\Users\Nemo Steven\.openjfx\cache\17.0.6\ucrtbase.dll
0x00007ffa8d070000 - 0x00007ffa8d08a000 	C:\Users\Nemo Steven\.openjfx\cache\17.0.6\vcruntime140.dll
0x00007ffa8d0c0000 - 0x00007ffa8d0cc000 	C:\Users\Nemo Steven\.openjfx\cache\17.0.6\vcruntime140_1.dll
0x00007ffa5c710000 - 0x00007ffa5c79d000 	C:\Users\Nemo Steven\.openjfx\cache\17.0.6\msvcp140.dll
0x00007ffa8d060000 - 0x00007ffa8d069000 	C:\Users\Nemo Steven\.openjfx\cache\17.0.6\msvcp140_1.dll
0x00007ffa860c0000 - 0x00007ffa860ef000 	C:\Users\Nemo Steven\.openjfx\cache\17.0.6\msvcp140_2.dll
0x00007ffa85ff0000 - 0x00007ffa8601a000 	C:\Users\Nemo Steven\.openjfx\cache\17.0.6\prism_d3d.dll
0x00007ffa54930000 - 0x00007ffa54afd000 	C:\Windows\system32\d3d9.dll
0x00007ffa92110000 - 0x00007ffa9213f000 	C:\Windows\SYSTEM32\dwmapi.dll
0x00007ffa91fd0000 - 0x00007ffa9206e000 	C:\Windows\system32\uxtheme.dll
0x00007ffa96210000 - 0x00007ffa9633b000 	C:\Windows\System32\ole32.dll
0x00007ffa6f360000 - 0x00007ffa6f3a2000 	C:\Users\Nemo Steven\.openjfx\cache\17.0.6\glass.dll
0x00007ffa97460000 - 0x00007ffa9753a000 	C:\Windows\System32\COMDLG32.dll
0x00007ffa97680000 - 0x00007ffa9774d000 	C:\Windows\System32\OLEAUT32.dll
0x00007ffa75570000 - 0x00007ffa75688000 	C:\Program Files (x86)\Stardock\Groupy\groupy_64.dll
0x00007ffa971b0000 - 0x00007ffa972c4000 	C:\Windows\System32\MSCTF.dll
0x00007ffa8adb0000 - 0x00007ffa8adeb000 	C:\Windows\SYSTEM32\dxcore.dll
0x00007ffa95530000 - 0x00007ffa9557e000 	C:\Windows\System32\cfgmgr32.dll
0x00007ffa3d840000 - 0x00007ffa3d866000 	D:\Program Files\Dict\10.1.3.0\WordStrokeHelper64.dll
0x00007ffa8cd70000 - 0x00007ffa8cd84000 	C:\Users\Nemo Steven\.openjfx\cache\17.0.6\javafx_font.dll
0x00007ffa93460000 - 0x00007ffa936df000 	C:\Windows\SYSTEM32\dwrite.dll
0x00007ffa94cc0000 - 0x00007ffa94cd8000 	C:\Windows\SYSTEM32\CRYPTSP.dll
0x00007ffa94440000 - 0x00007ffa94474000 	C:\Windows\system32\rsaenh.dll
0x00007ffa95580000 - 0x00007ffa955a7000 	C:\Windows\System32\bcrypt.dll
0x00007ffa953e0000 - 0x00007ffa9540e000 	C:\Windows\SYSTEM32\USERENV.dll
0x00007ffa94cb0000 - 0x00007ffa94cbc000 	C:\Windows\SYSTEM32\CRYPTBASE.dll
0x00007ffa96ef0000 - 0x00007ffa96ef8000 	C:\Windows\System32\NSI.dll
0x00007ffa8cb30000 - 0x00007ffa8cb47000 	C:\Windows\SYSTEM32\dhcpcsvc6.DLL
0x00007ffa8cb10000 - 0x00007ffa8cb2d000 	C:\Windows\SYSTEM32\dhcpcsvc.DLL
0x00007ffa94840000 - 0x00007ffa9490a000 	C:\Windows\SYSTEM32\DNSAPI.dll
0x00007ffa97300000 - 0x00007ffa973a9000 	C:\Windows\System32\clbcatq.dll
0x00007ffa8f290000 - 0x00007ffa8f444000 	C:\Windows\SYSTEM32\WindowsCodecs.dll
0x00007ffa75750000 - 0x00007ffa7578e000 	C:\Windows\system32\dataexchange.dll
0x00007ffa939f0000 - 0x00007ffa93c53000 	C:\Windows\system32\d3d11.dll
0x00007ffa91120000 - 0x00007ffa91303000 	C:\Windows\system32\dcomp.dll
0x00007ffa93ce0000 - 0x00007ffa93dd3000 	C:\Windows\system32\dxgi.dll

dbghelp: loaded successfully - version: 4.0.5 - missing functions: none
symbol engine: initialized successfully - sym options: 0x614 - pdb path: .;C:\Users\Nemo Steven\.jdks\corretto-17.0.8.1\bin;C:\Windows\SYSTEM32;C:\Windows\WinSxS\amd64_microsoft.windows.common-controls_6595b64144ccf1df_6.0.19041.3636_none_60b6a03d71f818d5;E:\Program Files (x86)\360\360safe\safemon;C:\Users\Nemo Steven\.jdks\corretto-17.0.8.1\bin\server;C:\Users\Nemo Steven\.openjfx\cache\17.0.6;C:\windows\System32\DriverStore\FileRepository\u0369791.inf_amd64_9a5c9affcd91260f\B369632;C:\Program Files (x86)\Stardock\Groupy;D:\Program Files\Dict\10.1.3.0;C:\Program Files\Common Files\Microsoft Shared\Ink;C:\Program Files\Listary\Hooks;D:\Program Files (x86)\Internet Download Manager;C:\Users\Nemo Steven\AppData\Roaming\baidu\BaiduNetdisk;C:\Windows\WinSxS\amd64_microsoft.windows.gdiplus_6595b64144ccf1df_1.1.19041.3636_none_91a19322cc8a92a3;D:\Program Files (x86)\ecloud

VM Arguments:
jvm_args: -agentlib:jdwp=transport=dt_socket,address=127.0.0.1:64069,suspend=y,server=n -javaagent:C:\Users\NEMOST~1\AppData\Local\Temp\captureAgent2jars\debugger-agent.jar -Dfile.encoding=UTF-8 --module-path=C:\Users\Nemo Steven\.m2\repository\org\kordamp\ikonli\ikonli-material2-pack\12.3.1\ikonli-material2-pack-12.3.1.jar;C:\Users\Nemo Steven\.m2\repository\org\openjfx\javafx-graphics\17.0.6\javafx-graphics-17.0.6-win.jar;C:\Users\Nemo Steven\.m2\repository\org\kordamp\ikonli\ikonli-feather-pack\12.3.1\ikonli-feather-pack-12.3.1.jar;C:\Users\Nemo Steven\.m2\repository\com\alibaba\fastjson2\fastjson2\2.0.41\fastjson2-2.0.41.jar;C:\Users\Nemo Steven\.m2\repository\org\kordamp\ikonli\ikonli-javafx\12.3.1\ikonli-javafx-12.3.1.jar;C:\Users\Nemo Steven\.m2\repository\com\google\zxing\core\3.4.0\core-3.4.0.jar;C:\Users\Nemo Steven\.m2\repository\org\openjfx\javafx-controls\17.0.6\javafx-controls-17.0.6-win.jar;C:\Users\Nemo Steven\.m2\repository\org\openjfx\javafx-fxml\17.0.6\javafx-fxml-17.0.6-win.jar;C:\Users\Nemo Steven\.m2\repository\org\kordamp\ikonli\ikonli-core\12.3.1\ikonli-core-12.3.1.jar;C:\Users\Nemo Steven\.m2\repository\org\openjfx\javafx-base\17.0.6\javafx-base-17.0.6-win.jar;C:\Users\Nemo Steven\.m2\repository\io\github\mkpaz\atlantafx-base\2.0.1\atlantafx-base-2.0.1.jar;D:\learning_programs\java_programs\DataRestoreDemo1\target\classes -Djdk.module.main=com.ui.datarestoredemo1 
java_command: com.ui.datarestoredemo1/com.Main
java_class_path (initial): C:\Users\Nemo Steven\.m2\repository\org\openjfx\javafx-controls\17.0.6\javafx-controls-17.0.6.jar;C:\Users\Nemo Steven\.m2\repository\org\openjfx\javafx-graphics\17.0.6\javafx-graphics-17.0.6.jar;C:\Users\Nemo Steven\.m2\repository\org\openjfx\javafx-base\17.0.6\javafx-base-17.0.6.jar;C:\Users\Nemo Steven\.m2\repository\org\openjfx\javafx-fxml\17.0.6\javafx-fxml-17.0.6.jar;C:\Users\Nemo Steven\.m2\repository\io\github\palexdev\materialfx\11.16.1\materialfx-11.16.1.jar;C:\Users\Nemo Steven\.m2\repository\io\github\palexdev\virtualizedfx\11.9.1\virtualizedfx-11.9.1.jar;C:\Users\Nemo Steven\.m2\repository\io\github\palexdev\mfxcore\11.3.0\mfxcore-11.3.0.jar;C:\Users\Nemo Steven\.m2\repository\io\github\palexdev\mfxlocalization\11.1.0\mfxlocalization-11.1.0.jar;C:\Users\Nemo Steven\.m2\repository\io\github\palexdev\mfxeffects\11.0.5\mfxeffects-11.0.5.jar;C:\Users\Nemo Steven\.m2\repository\io\github\palexdev\mfxresources\11.3.2\mfxresources-11.3.2.jar;D:\Program Files\JetBrains\IntelliJ IDEA\lib\idea_rt.jar
Launcher Type: SUN_STANDARD

[Global flags]
     intx CICompilerCount                          = 12                                        {product} {ergonomic}
     uint ConcGCThreads                            = 3                                         {product} {ergonomic}
     uint G1ConcRefinementThreads                  = 13                                        {product} {ergonomic}
   size_t G1HeapRegionSize                         = 2097152                                   {product} {ergonomic}
    uintx GCDrainStackTargetSize                   = 64                                        {product} {ergonomic}
   size_t InitialHeapSize                          = 257949696                                 {product} {ergonomic}
   size_t MarkStackSize                            = 4194304                                   {product} {ergonomic}
   size_t MaxHeapSize                              = 4125097984                                {product} {ergonomic}
   size_t MaxNewSize                               = 2474639360                                {product} {ergonomic}
   size_t MinHeapDeltaBytes                        = 2097152                                   {product} {ergonomic}
   size_t MinHeapSize                              = 8388608                                   {product} {ergonomic}
    uintx NonNMethodCodeHeapSize                   = 7602480                                {pd product} {ergonomic}
    uintx NonProfiledCodeHeapSize                  = 122027880                              {pd product} {ergonomic}
    uintx ProfiledCodeHeapSize                     = 122027880                              {pd product} {ergonomic}
    uintx ReservedCodeCacheSize                    = 251658240                              {pd product} {ergonomic}
     bool SegmentedCodeCache                       = true                                      {product} {ergonomic}
   size_t SoftMaxHeapSize                          = 4125097984                             {manageable} {ergonomic}
     bool UseCompressedClassPointers               = true                           {product lp64_product} {ergonomic}
     bool UseCompressedOops                        = true                           {product lp64_product} {ergonomic}
     bool UseG1GC                                  = true                                      {product} {ergonomic}
     bool UseLargePagesIndividualAllocation        = false                                  {pd product} {ergonomic}

Logging:
Log output configuration:
 #0: stdout all=warning uptime,level,tags
 #1: stderr all=off uptime,level,tags

Environment Variables:
JAVA_HOME=D:\Program Files\Java\jdk-17.0.8
CLASSPATH=.;D:\Program Files\Java\jdk-17.0.8\lib\dt.jar;D:\Program Files\Java\jdk-17.0.8\lib\tools.jar;
PATH=C:\Python312\Scripts\;C:\Python312\;C:\Program Files\NVIDIA GPU Computing Toolkit\CUDA\v10.1\cudnn\bin;C:\Program Files\NVIDIA GPU Computing Toolkit\CUDA\v10.1\extras\CUPTI\lib64;C:\Program Files\NVIDIA GPU Computing Toolkit\CUDA\v10.1\bin;C:\Program Files\NVIDIA GPU Computing Toolkit\CUDA\v10.1\libnvvp;C:\Program Files\Common Files\Oracle\Java\javapath;C:\Program Files (x86)\NVIDIA Corporation\PhysX\Common;C:\Program Files (x86)\Common Files\Oracle\Java\javapath;D:\Program Files\VMware\VMware Workstation\bin\;C:\windows\system32;C:\windows;C:\windows\System32\Wbem;C:\windows\System32\WindowsPowerShell\v1.0\;C:\windows\System32\OpenSSH\;C:\Program Files\NVIDIA Corporation\NVIDIA NvDLISR;C:\Program Files\Microsoft SQL Server\Client SDK\ODBC\110\Tools\Binn\;C:\Program Files (x86)\Windows Kits\8.1\Windows Performance Toolkit\;D:\Program Files\PuTTY\;D:\Program Files (x86)\NetSarang\Xftp 7\;D:\ProgramData\Anaconda3\Scripts;C:\Users\Nemo Steven\AppData\Local\Google\Chrome\Application;D:\Anaconda\Scripts;D:\Anaconda\envs\routine;D:\Program Files (x86)\Graphviz2.39\bin;D:\Program Files \Google\Chrome\Application;D:\Program Files (x86)\NetSarang\Xshell 7\;C:\Program Files\Azure Data Studio\bin;D:\Program Files\Git\cmd;D:\Program Files\mingw64\bin;C:\Program Files\dotnet\;D:\Program Files\Java\jdk-17.0.8\bin;D:\Program Files\Java\jdk-17.0.8\jre\bin;E:\Program Files\MySQL\MySQL Server 8.0\bin;D:\texlive\2021\bin\win32;C:\Program Files (x86)\WiX Toolset v3.11\bin;C:\Program Files\NVIDIA Corporation\Nsight Compute 2019.4.0\;E:\Program Files\MATLAB\R2022b\runtime\win64;E:\Program Files\MATLAB\R2022b\bin;D:\Programs\node-v20.9.0-win-x64\npm.cmd;C:\ProgramData\chocolatey\bin;D:\Programs\nodejs\;D:\Programs\rclone\;D:\Programs\proxyclient\;D:\Programs\ossutil-v1.7.18-windows-amd64;D:\Programs\apache-maven-3.9.6\bin;C:\Program Files\MySQL\MySQL Shell 8.0\bin\;D:\Program Files\Visual C++ 6.0 ?by.cntrump 2011.02.12 (1)\Microsoft SDK\bin\winnt;D:\Program Files\Visual C+
USERNAME=Nemo Steven
OS=Windows_NT
PROCESSOR_IDENTIFIER=AMD64 Family 25 Model 80 Stepping 0, AuthenticAMD
TMP=C:\Users\NEMOST~1\AppData\Local\Temp
TEMP=C:\Users\NEMOST~1\AppData\Local\Temp



---------------  S Y S T E M  ---------------

OS:
 Windows 10 , 64 bit Build 19041 (10.0.19041.3636)
OS uptime: 1 days 2:34 hours
Hyper-V role detected

CPU: total 16 (initial active 16) (16 cores per cpu, 2 threads per core) family 25 model 80 stepping 0 microcode 0x0, cx8, cmov, fxsr, ht, mmx, 3dnowpref, sse, sse2, sse3, ssse3, sse4a, sse4.1, sse4.2, popcnt, lzcnt, tsc, tscinvbit, avx, avx2, aes, erms, clmul, bmi1, bmi2, adx, sha, fma, vzeroupper, clflush, clflushopt, hv
Processor Information for processor 0
  Max Mhz: 3201, Current Mhz: 3201, Mhz Limit: 3201
Processor Information for processor 1
  Max Mhz: 3201, Current Mhz: 3201, Mhz Limit: 3201
Processor Information for processor 2
  Max Mhz: 3201, Current Mhz: 3201, Mhz Limit: 3201
Processor Information for processor 3
  Max Mhz: 3201, Current Mhz: 3201, Mhz Limit: 3201
Processor Information for processor 4
  Max Mhz: 3201, Current Mhz: 3201, Mhz Limit: 3201
Processor Information for processor 5
  Max Mhz: 3201, Current Mhz: 3201, Mhz Limit: 3201
Processor Information for processor 6
  Max Mhz: 3201, Current Mhz: 2071, Mhz Limit: 3201
Processor Information for processor 7
  Max Mhz: 3201, Current Mhz: 2071, Mhz Limit: 3201
Processor Information for processor 8
  Max Mhz: 3201, Current Mhz: 1237, Mhz Limit: 3201
Processor Information for processor 9
  Max Mhz: 3201, Current Mhz: 1237, Mhz Limit: 3201
Processor Information for processor 10
  Max Mhz: 3201, Current Mhz: 1237, Mhz Limit: 3201
Processor Information for processor 11
  Max Mhz: 3201, Current Mhz: 1237, Mhz Limit: 3201
Processor Information for processor 12
  Max Mhz: 3201, Current Mhz: 1237, Mhz Limit: 3201
Processor Information for processor 13
  Max Mhz: 3201, Current Mhz: 1237, Mhz Limit: 3201
Processor Information for processor 14
  Max Mhz: 3201, Current Mhz: 1237, Mhz Limit: 3201
Processor Information for processor 15
  Max Mhz: 3201, Current Mhz: 1237, Mhz Limit: 3201

Memory: 4k page, system-wide physical 15732M (2021M free)
TotalPageFile size 33140M (AvailPageFile size 14066M)
current process WorkingSet (physical memory assigned to process): 345M, peak: 520M
current process commit charge ("private bytes"): 483M, peak: 669M

vm_info: OpenJDK 64-Bit Server VM (17.0.8.1+8-LTS) for windows-amd64 JRE (17.0.8.1+8-LTS), built on Aug 19 2023 03:47:39 by "Administrator" with MS VC++ 15.9 (VS2017)

END.
